-- Found ament_cmake: 2.5.6 (/opt/ros/jazzy/share/ament_cmake/cmake)
-- Override CMake install command with custom implementation using symlinks instead of copying resources
-- Found rclcpp: 28.1.18 (/opt/ros/jazzy/share/rclcpp/cmake)
-- Found rosidl_generator_c: 4.6.7 (/opt/ros/jazzy/share/rosidl_generator_c/cmake)
-- Found rosidl_generator_cpp: 4.6.7 (/opt/ros/jazzy/share/rosidl_generator_cpp/cmake)
-- Using all available rosidl_typesupport_c: rosidl_typesupport_fastrtps_c;rosidl_typesupport_introspection_c
-- Using all available rosidl_typesupport_cpp: rosidl_typesupport_fastrtps_cpp;rosidl_typesupport_introspection_cpp
-- Found rmw_implementation_cmake: 7.3.3 (/opt/ros/jazzy/share/rmw_implementation_cmake/cmake)
-- Found rmw_fastrtps_cpp: 8.4.3 (/opt/ros/jazzy/share/rmw_fastrtps_cpp/cmake)
-- Using RMW implementation 'rmw_fastrtps_cpp' as default
-- Found std_msgs: 5.3.7 (/opt/ros/jazzy/share/std_msgs/cmake)
-- Found sensor_msgs: 5.3.7 (/opt/ros/jazzy/share/sensor_msgs/cmake)
-- Found cv_bridge: 4.1.0 (/opt/ros/jazzy/share/cv_bridge/cmake)
-- Configuring done (1.1s)
-- Generating done (0.0s)
-- Build files have been written to: /home/joao-pedro/git/Labyrinth-Hackathon/build/maze_robot
[ 50%] Built target navigation_node
[100%] Built target perception_node
-- Install configuration: ""
-- Execute custom install script
-- Up-to-date symlink: /home/joao-pedro/git/Labyrinth-Hackathon/install/maze_robot/lib/maze_robot/navigation_node
-- Up-to-date symlink: /home/joao-pedro/git/Labyrinth-Hackathon/install/maze_robot/lib/maze_robot/perception_node
-- Up-to-date symlink: /home/joao-pedro/git/Labyrinth-Hackathon/install/maze_robot/share/maze_robot/launch/maze.launch.py
-- Up-to-date symlink: /home/joao-pedro/git/Labyrinth-Hackathon/install/maze_robot/share/ament_index/resource_index/package_run_dependencies/maze_robot
-- Up-to-date symlink: /home/joao-pedro/git/Labyrinth-Hackathon/install/maze_robot/share/ament_index/resource_index/parent_prefix_path/maze_robot
-- Up-to-date symlink: /home/joao-pedro/git/Labyrinth-Hackathon/install/maze_robot/share/maze_robot/environment/ament_prefix_path.sh
-- Up-to-date symlink: /home/joao-pedro/git/Labyrinth-Hackathon/install/maze_robot/share/maze_robot/environment/ament_prefix_path.dsv
-- Up-to-date symlink: /home/joao-pedro/git/Labyrinth-Hackathon/install/maze_robot/share/maze_robot/environment/path.sh
-- Up-to-date symlink: /home/joao-pedro/git/Labyrinth-Hackathon/install/maze_robot/share/maze_robot/environment/path.dsv
-- Up-to-date symlink: /home/joao-pedro/git/Labyrinth-Hackathon/install/maze_robot/share/maze_robot/local_setup.bash
-- Up-to-date symlink: /home/joao-pedro/git/Labyrinth-Hackathon/install/maze_robot/share/maze_robot/local_setup.sh
-- Up-to-date symlink: /home/joao-pedro/git/Labyrinth-Hackathon/install/maze_robot/share/maze_robot/local_setup.zsh
-- Up-to-date symlink: /home/joao-pedro/git/Labyrinth-Hackathon/install/maze_robot/share/maze_robot/local_setup.dsv
-- Symlinking: /home/joao-pedro/git/Labyrinth-Hackathon/install/maze_robot/share/maze_robot/package.dsv
-- Up-to-date symlink: /home/joao-pedro/git/Labyrinth-Hackathon/install/maze_robot/share/ament_index/resource_index/packages/maze_robot
-- Up-to-date symlink: /home/joao-pedro/git/Labyrinth-Hackathon/install/maze_robot/share/maze_robot/cmake/maze_robotConfig.cmake
-- Up-to-date symlink: /home/joao-pedro/git/Labyrinth-Hackathon/install/maze_robot/share/maze_robot/cmake/maze_robotConfig-version.cmake
-- Up-to-date symlink: /home/joao-pedro/git/Labyrinth-Hackathon/install/maze_robot/share/maze_robot/package.xml
