[0.462s] DEBUG:colcon:Command line arguments: ['/usr/bin/colcon', 'build']
[0.462s] DEBUG:colcon:Parsed command line arguments: Namespace(log_base=None, log_level=None, verb_name='build', build_base='build', install_base='install', merge_install=False, symlink_install=False, test_result_base=None, continue_on_error=False, executor='parallel', parallel_workers=8, event_handlers=None, ignore_user_meta=False, metas=['./colcon.meta'], base_paths=['.'], packages_ignore=None, packages_ignore_regex=None, paths=None, packages_up_to=None, packages_up_to_regex=None, packages_above=None, packages_above_and_dependencies=None, packages_above_depth=None, packages_select_by_dep=None, packages_skip_by_dep=None, packages_skip_up_to=None, packages_select_build_failed=False, packages_skip_build_finished=False, packages_select_test_failures=False, packages_skip_test_passed=False, packages_select=None, packages_skip=None, packages_select_regex=None, packages_skip_regex=None, packages_start=None, packages_end=None, allow_overriding=[], cmake_args=None, cmake_target=None, cmake_target_skip_unavailable=False, cmake_clean_cache=False, cmake_clean_first=False, cmake_force_configure=False, ament_cmake_args=None, catkin_cmake_args=None, catkin_skip_building_tests=False, mixin_files=None, mixin=None, verb_parser=<colcon_mixin.mixin.mixin_argument.MixinArgumentDecorator object at 0x7e960f68ab70>, verb_extension=<colcon_core.verb.build.BuildVerb object at 0x7e960f68a9f0>, main=<bound method BuildVerb.main of <colcon_core.verb.build.BuildVerb object at 0x7e960f68a9f0>>, mixin_verb=('build',))
[0.546s] Level 1:colcon.colcon_core.package_discovery:discover_packages(colcon_meta) check parameters
[0.546s] Level 1:colcon.colcon_core.package_discovery:discover_packages(recursive) check parameters
[0.546s] Level 1:colcon.colcon_core.package_discovery:discover_packages(ignore) check parameters
[0.546s] Level 1:colcon.colcon_core.package_discovery:discover_packages(path) check parameters
[0.546s] Level 1:colcon.colcon_core.package_discovery:discover_packages(colcon_meta) discover
[0.546s] Level 1:colcon.colcon_core.package_discovery:discover_packages(recursive) discover
[0.546s] INFO:colcon.colcon_core.package_discovery:Crawling recursively for packages in '/home/joao-pedro/git/Labyrinth-Hackathon'
[0.547s] Level 1:colcon.colcon_core.package_identification:_identify(.) by extensions ['ignore', 'ignore_ament_install']
[0.547s] Level 1:colcon.colcon_core.package_identification:_identify(.) by extension 'ignore'
[0.547s] Level 1:colcon.colcon_core.package_identification:_identify(.) by extension 'ignore_ament_install'
[0.547s] Level 1:colcon.colcon_core.package_identification:_identify(.) by extensions ['colcon_pkg']
[0.547s] Level 1:colcon.colcon_core.package_identification:_identify(.) by extension 'colcon_pkg'
[0.547s] Level 1:colcon.colcon_core.package_identification:_identify(.) by extensions ['colcon_meta']
[0.547s] Level 1:colcon.colcon_core.package_identification:_identify(.) by extension 'colcon_meta'
[0.547s] Level 1:colcon.colcon_core.package_identification:_identify(.) by extensions ['ros']
[0.547s] Level 1:colcon.colcon_core.package_identification:_identify(.) by extension 'ros'
[0.591s] Level 1:colcon.colcon_core.package_identification:_identify(.) by extensions ['cmake', 'python']
[0.591s] Level 1:colcon.colcon_core.package_identification:_identify(.) by extension 'cmake'
[0.591s] Level 1:colcon.colcon_core.package_identification:_identify(.) by extension 'python'
[0.591s] Level 1:colcon.colcon_core.package_identification:_identify(.) by extensions ['python_setup_py']
[0.591s] Level 1:colcon.colcon_core.package_identification:_identify(.) by extension 'python_setup_py'
[0.591s] Level 1:colcon.colcon_core.package_identification:_identify(build) by extensions ['ignore', 'ignore_ament_install']
[0.592s] Level 1:colcon.colcon_core.package_identification:_identify(build) by extension 'ignore'
[0.592s] Level 1:colcon.colcon_core.package_identification:_identify(build) ignored
[0.592s] Level 1:colcon.colcon_core.package_identification:_identify(install) by extensions ['ignore', 'ignore_ament_install']
[0.592s] Level 1:colcon.colcon_core.package_identification:_identify(install) by extension 'ignore'
[0.592s] Level 1:colcon.colcon_core.package_identification:_identify(install) ignored
[0.592s] Level 1:colcon.colcon_core.package_identification:_identify(log) by extensions ['ignore', 'ignore_ament_install']
[0.592s] Level 1:colcon.colcon_core.package_identification:_identify(log) by extension 'ignore'
[0.592s] Level 1:colcon.colcon_core.package_identification:_identify(log) ignored
[0.592s] Level 1:colcon.colcon_core.package_identification:_identify(src) by extensions ['ignore', 'ignore_ament_install']
[0.592s] Level 1:colcon.colcon_core.package_identification:_identify(src) by extension 'ignore'
[0.593s] Level 1:colcon.colcon_core.package_identification:_identify(src) by extension 'ignore_ament_install'
[0.593s] Level 1:colcon.colcon_core.package_identification:_identify(src) by extensions ['colcon_pkg']
[0.593s] Level 1:colcon.colcon_core.package_identification:_identify(src) by extension 'colcon_pkg'
[0.593s] Level 1:colcon.colcon_core.package_identification:_identify(src) by extensions ['colcon_meta']
[0.593s] Level 1:colcon.colcon_core.package_identification:_identify(src) by extension 'colcon_meta'
[0.593s] Level 1:colcon.colcon_core.package_identification:_identify(src) by extensions ['ros']
[0.593s] Level 1:colcon.colcon_core.package_identification:_identify(src) by extension 'ros'
[0.593s] Level 1:colcon.colcon_core.package_identification:_identify(src) by extensions ['cmake', 'python']
[0.593s] Level 1:colcon.colcon_core.package_identification:_identify(src) by extension 'cmake'
[0.593s] Level 1:colcon.colcon_core.package_identification:_identify(src) by extension 'python'
[0.593s] Level 1:colcon.colcon_core.package_identification:_identify(src) by extensions ['python_setup_py']
[0.593s] Level 1:colcon.colcon_core.package_identification:_identify(src) by extension 'python_setup_py'
[0.593s] Level 1:colcon.colcon_core.package_identification:_identify(src/maze_bringup) by extensions ['ignore', 'ignore_ament_install']
[0.593s] Level 1:colcon.colcon_core.package_identification:_identify(src/maze_bringup) by extension 'ignore'
[0.594s] Level 1:colcon.colcon_core.package_identification:_identify(src/maze_bringup) by extension 'ignore_ament_install'
[0.594s] Level 1:colcon.colcon_core.package_identification:_identify(src/maze_bringup) by extensions ['colcon_pkg']
[0.594s] Level 1:colcon.colcon_core.package_identification:_identify(src/maze_bringup) by extension 'colcon_pkg'
[0.594s] Level 1:colcon.colcon_core.package_identification:_identify(src/maze_bringup) by extensions ['colcon_meta']
[0.594s] Level 1:colcon.colcon_core.package_identification:_identify(src/maze_bringup) by extension 'colcon_meta'
[0.594s] Level 1:colcon.colcon_core.package_identification:_identify(src/maze_bringup) by extensions ['ros']
[0.594s] Level 1:colcon.colcon_core.package_identification:_identify(src/maze_bringup) by extension 'ros'
[0.598s] DEBUG:colcon.colcon_core.package_identification:Package 'src/maze_bringup' with type 'ros.ament_cmake' and name 'maze_bringup'
[0.598s] Level 1:colcon.colcon_core.package_identification:_identify(src/maze_robot) by extensions ['ignore', 'ignore_ament_install']
[0.598s] Level 1:colcon.colcon_core.package_identification:_identify(src/maze_robot) by extension 'ignore'
[0.599s] Level 1:colcon.colcon_core.package_identification:_identify(src/maze_robot) by extension 'ignore_ament_install'
[0.599s] Level 1:colcon.colcon_core.package_identification:_identify(src/maze_robot) by extensions ['colcon_pkg']
[0.599s] Level 1:colcon.colcon_core.package_identification:_identify(src/maze_robot) by extension 'colcon_pkg'
[0.599s] Level 1:colcon.colcon_core.package_identification:_identify(src/maze_robot) by extensions ['colcon_meta']
[0.599s] Level 1:colcon.colcon_core.package_identification:_identify(src/maze_robot) by extension 'colcon_meta'
[0.599s] Level 1:colcon.colcon_core.package_identification:_identify(src/maze_robot) by extensions ['ros']
[0.599s] Level 1:colcon.colcon_core.package_identification:_identify(src/maze_robot) by extension 'ros'
[0.600s] DEBUG:colcon.colcon_core.package_identification:Package 'src/maze_robot' with type 'ros.ament_cmake' and name 'maze_robot'
[0.600s] Level 1:colcon.colcon_core.package_discovery:discover_packages(recursive) using defaults
[0.600s] Level 1:colcon.colcon_core.package_discovery:discover_packages(ignore) discover
[0.600s] Level 1:colcon.colcon_core.package_discovery:discover_packages(ignore) using defaults
[0.600s] Level 1:colcon.colcon_core.package_discovery:discover_packages(path) discover
[0.600s] Level 1:colcon.colcon_core.package_discovery:discover_packages(path) using defaults
[0.632s] Level 1:colcon.colcon_core.package_discovery:discover_packages(prefix_path) check parameters
[0.632s] Level 1:colcon.colcon_core.package_discovery:discover_packages(prefix_path) discover
[0.638s] DEBUG:colcon.colcon_installed_package_information.package_discovery:Found 3 installed packages in /home/joao-pedro/laser_uav_system_ws/install
[0.641s] DEBUG:colcon.colcon_installed_package_information.package_discovery:Found 352 installed packages in /opt/ros/jazzy
[0.643s] Level 1:colcon.colcon_core.package_discovery:discover_packages(prefix_path) using defaults
[0.723s] Level 5:colcon.colcon_core.verb:set package 'maze_bringup' build argument 'cmake_args' from command line to 'None'
[0.723s] Level 5:colcon.colcon_core.verb:set package 'maze_bringup' build argument 'cmake_target' from command line to 'None'
[0.723s] Level 5:colcon.colcon_core.verb:set package 'maze_bringup' build argument 'cmake_target_skip_unavailable' from command line to 'False'
[0.723s] Level 5:colcon.colcon_core.verb:set package 'maze_bringup' build argument 'cmake_clean_cache' from command line to 'False'
[0.723s] Level 5:colcon.colcon_core.verb:set package 'maze_bringup' build argument 'cmake_clean_first' from command line to 'False'
[0.723s] Level 5:colcon.colcon_core.verb:set package 'maze_bringup' build argument 'cmake_force_configure' from command line to 'False'
[0.723s] Level 5:colcon.colcon_core.verb:set package 'maze_bringup' build argument 'ament_cmake_args' from command line to 'None'
[0.723s] Level 5:colcon.colcon_core.verb:set package 'maze_bringup' build argument 'catkin_cmake_args' from command line to 'None'
[0.723s] Level 5:colcon.colcon_core.verb:set package 'maze_bringup' build argument 'catkin_skip_building_tests' from command line to 'False'
[0.723s] DEBUG:colcon.colcon_core.verb:Building package 'maze_bringup' with the following arguments: {'ament_cmake_args': None, 'build_base': '/home/joao-pedro/git/Labyrinth-Hackathon/build/maze_bringup', 'catkin_cmake_args': None, 'catkin_skip_building_tests': False, 'cmake_args': None, 'cmake_clean_cache': False, 'cmake_clean_first': False, 'cmake_force_configure': False, 'cmake_target': None, 'cmake_target_skip_unavailable': False, 'install_base': '/home/joao-pedro/git/Labyrinth-Hackathon/install/maze_bringup', 'merge_install': False, 'path': '/home/joao-pedro/git/Labyrinth-Hackathon/src/maze_bringup', 'symlink_install': False, 'test_result_base': None}
[0.724s] Level 5:colcon.colcon_core.verb:set package 'maze_robot' build argument 'cmake_args' from command line to 'None'
[0.724s] Level 5:colcon.colcon_core.verb:set package 'maze_robot' build argument 'cmake_target' from command line to 'None'
[0.724s] Level 5:colcon.colcon_core.verb:set package 'maze_robot' build argument 'cmake_target_skip_unavailable' from command line to 'False'
[0.724s] Level 5:colcon.colcon_core.verb:set package 'maze_robot' build argument 'cmake_clean_cache' from command line to 'False'
[0.724s] Level 5:colcon.colcon_core.verb:set package 'maze_robot' build argument 'cmake_clean_first' from command line to 'False'
[0.724s] Level 5:colcon.colcon_core.verb:set package 'maze_robot' build argument 'cmake_force_configure' from command line to 'False'
[0.724s] Level 5:colcon.colcon_core.verb:set package 'maze_robot' build argument 'ament_cmake_args' from command line to 'None'
[0.724s] Level 5:colcon.colcon_core.verb:set package 'maze_robot' build argument 'catkin_cmake_args' from command line to 'None'
[0.724s] Level 5:colcon.colcon_core.verb:set package 'maze_robot' build argument 'catkin_skip_building_tests' from command line to 'False'
[0.724s] DEBUG:colcon.colcon_core.verb:Building package 'maze_robot' with the following arguments: {'ament_cmake_args': None, 'build_base': '/home/joao-pedro/git/Labyrinth-Hackathon/build/maze_robot', 'catkin_cmake_args': None, 'catkin_skip_building_tests': False, 'cmake_args': None, 'cmake_clean_cache': False, 'cmake_clean_first': False, 'cmake_force_configure': False, 'cmake_target': None, 'cmake_target_skip_unavailable': False, 'install_base': '/home/joao-pedro/git/Labyrinth-Hackathon/install/maze_robot', 'merge_install': False, 'path': '/home/joao-pedro/git/Labyrinth-Hackathon/src/maze_robot', 'symlink_install': False, 'test_result_base': None}
[0.724s] INFO:colcon.colcon_core.executor:Executing jobs using 'parallel' executor
[0.725s] DEBUG:colcon.colcon_parallel_executor.executor.parallel:run_until_complete
[0.725s] INFO:colcon.colcon_ros.task.ament_cmake.build:Building ROS package in '/home/joao-pedro/git/Labyrinth-Hackathon/src/maze_bringup' with build type 'ament_cmake'
[0.725s] INFO:colcon.colcon_cmake.task.cmake.build:Building CMake package in '/home/joao-pedro/git/Labyrinth-Hackathon/src/maze_bringup'
[0.733s] INFO:colcon.colcon_core.plugin_system:Skipping extension 'colcon_core.shell.bat': Not used on non-Windows systems
[0.733s] INFO:colcon.colcon_core.shell:Skip shell extension 'powershell' for command environment: Not usable outside of PowerShell
[0.733s] DEBUG:colcon.colcon_core.shell:Skip shell extension 'dsv' for command environment
[0.739s] INFO:colcon.colcon_ros.task.ament_cmake.build:Building ROS package in '/home/joao-pedro/git/Labyrinth-Hackathon/src/maze_robot' with build type 'ament_cmake'
[0.739s] INFO:colcon.colcon_cmake.task.cmake.build:Building CMake package in '/home/joao-pedro/git/Labyrinth-Hackathon/src/maze_robot'
[0.739s] INFO:colcon.colcon_core.shell:Skip shell extension 'powershell' for command environment: Not usable outside of PowerShell
[0.739s] DEBUG:colcon.colcon_core.shell:Skip shell extension 'dsv' for command environment
[0.747s] DEBUG:colcon.colcon_core.event_handler.log_command:Invoking command in '/home/joao-pedro/git/Labyrinth-Hackathon/build/maze_bringup': CMAKE_PREFIX_PATH=${CMAKE_PREFIX_PATH}:/opt/ros/jazzy DEBUGINFOD_URLS=https://debuginfod.ubuntu.com /usr/bin/cmake /home/joao-pedro/git/Labyrinth-Hackathon/src/maze_bringup -DCMAKE_INSTALL_PREFIX=/home/joao-pedro/git/Labyrinth-Hackathon/install/maze_bringup
[0.754s] DEBUG:colcon.colcon_core.event_handler.log_command:Invoking command in '/home/joao-pedro/git/Labyrinth-Hackathon/build/maze_robot': CMAKE_PREFIX_PATH=${CMAKE_PREFIX_PATH}:/opt/ros/jazzy DEBUGINFOD_URLS=https://debuginfod.ubuntu.com /usr/bin/cmake /home/joao-pedro/git/Labyrinth-Hackathon/src/maze_robot -DCMAKE_INSTALL_PREFIX=/home/joao-pedro/git/Labyrinth-Hackathon/install/maze_robot
[2.140s] DEBUG:colcon.colcon_core.event_handler.log_command:Invoked command in '/home/joao-pedro/git/Labyrinth-Hackathon/build/maze_bringup' returned '0': CMAKE_PREFIX_PATH=${CMAKE_PREFIX_PATH}:/opt/ros/jazzy DEBUGINFOD_URLS=https://debuginfod.ubuntu.com /usr/bin/cmake /home/joao-pedro/git/Labyrinth-Hackathon/src/maze_bringup -DCMAKE_INSTALL_PREFIX=/home/joao-pedro/git/Labyrinth-Hackathon/install/maze_bringup
[2.142s] DEBUG:colcon.colcon_core.event_handler.log_command:Invoking command in '/home/joao-pedro/git/Labyrinth-Hackathon/build/maze_bringup': CMAKE_PREFIX_PATH=${CMAKE_PREFIX_PATH}:/opt/ros/jazzy DEBUGINFOD_URLS=https://debuginfod.ubuntu.com /usr/bin/cmake --build /home/joao-pedro/git/Labyrinth-Hackathon/build/maze_bringup -- -j8 -l8
[2.189s] DEBUG:colcon.colcon_core.event_handler.log_command:Invoked command in '/home/joao-pedro/git/Labyrinth-Hackathon/build/maze_bringup' returned '0': CMAKE_PREFIX_PATH=${CMAKE_PREFIX_PATH}:/opt/ros/jazzy DEBUGINFOD_URLS=https://debuginfod.ubuntu.com /usr/bin/cmake --build /home/joao-pedro/git/Labyrinth-Hackathon/build/maze_bringup -- -j8 -l8
[2.202s] DEBUG:colcon.colcon_core.event_handler.log_command:Invoking command in '/home/joao-pedro/git/Labyrinth-Hackathon/build/maze_bringup': CMAKE_PREFIX_PATH=${CMAKE_PREFIX_PATH}:/opt/ros/jazzy DEBUGINFOD_URLS=https://debuginfod.ubuntu.com /usr/bin/cmake --install /home/joao-pedro/git/Labyrinth-Hackathon/build/maze_bringup
[2.216s] Level 1:colcon.colcon_core.environment:create_environment_scripts_only(maze_bringup)
[2.217s] DEBUG:colcon.colcon_core.event_handler.log_command:Invoked command in '/home/joao-pedro/git/Labyrinth-Hackathon/build/maze_bringup' returned '0': CMAKE_PREFIX_PATH=${CMAKE_PREFIX_PATH}:/opt/ros/jazzy DEBUGINFOD_URLS=https://debuginfod.ubuntu.com /usr/bin/cmake --install /home/joao-pedro/git/Labyrinth-Hackathon/build/maze_bringup
[2.225s] Level 1:colcon.colcon_core.environment:checking '/home/joao-pedro/git/Labyrinth-Hackathon/install/maze_bringup' for CMake module files
[2.225s] Level 1:colcon.colcon_core.environment:checking '/home/joao-pedro/git/Labyrinth-Hackathon/install/maze_bringup' for CMake config files
[2.226s] Level 1:colcon.colcon_core.shell:create_environment_hook('maze_bringup', 'cmake_prefix_path')
[2.226s] INFO:colcon.colcon_core.shell:Creating environment hook '/home/joao-pedro/git/Labyrinth-Hackathon/install/maze_bringup/share/maze_bringup/hook/cmake_prefix_path.ps1'
[2.227s] INFO:colcon.colcon_core.shell:Creating environment descriptor '/home/joao-pedro/git/Labyrinth-Hackathon/install/maze_bringup/share/maze_bringup/hook/cmake_prefix_path.dsv'
[2.228s] INFO:colcon.colcon_core.shell:Creating environment hook '/home/joao-pedro/git/Labyrinth-Hackathon/install/maze_bringup/share/maze_bringup/hook/cmake_prefix_path.sh'
[2.229s] Level 1:colcon.colcon_core.environment:checking '/home/joao-pedro/git/Labyrinth-Hackathon/install/maze_bringup/bin'
[2.229s] Level 1:colcon.colcon_core.environment:checking '/home/joao-pedro/git/Labyrinth-Hackathon/install/maze_bringup/lib/pkgconfig/maze_bringup.pc'
[2.230s] Level 1:colcon.colcon_core.environment:checking '/home/joao-pedro/git/Labyrinth-Hackathon/install/maze_bringup/lib/python3.12/site-packages'
[2.230s] Level 1:colcon.colcon_core.environment:checking '/home/joao-pedro/git/Labyrinth-Hackathon/install/maze_bringup/bin'
[2.230s] INFO:colcon.colcon_core.shell:Creating package script '/home/joao-pedro/git/Labyrinth-Hackathon/install/maze_bringup/share/maze_bringup/package.ps1'
[2.231s] INFO:colcon.colcon_core.shell:Creating package descriptor '/home/joao-pedro/git/Labyrinth-Hackathon/install/maze_bringup/share/maze_bringup/package.dsv'
[2.232s] INFO:colcon.colcon_core.shell:Creating package script '/home/joao-pedro/git/Labyrinth-Hackathon/install/maze_bringup/share/maze_bringup/package.sh'
[2.233s] INFO:colcon.colcon_core.shell:Creating package script '/home/joao-pedro/git/Labyrinth-Hackathon/install/maze_bringup/share/maze_bringup/package.bash'
[2.234s] INFO:colcon.colcon_core.shell:Creating package script '/home/joao-pedro/git/Labyrinth-Hackathon/install/maze_bringup/share/maze_bringup/package.zsh'
[2.235s] Level 1:colcon.colcon_core.environment:create_file_with_runtime_dependencies(/home/joao-pedro/git/Labyrinth-Hackathon/install/maze_bringup/share/colcon-core/packages/maze_bringup)
[2.236s] Level 1:colcon.colcon_core.environment:create_environment_scripts_only(maze_bringup)
[2.236s] Level 1:colcon.colcon_core.environment:checking '/home/joao-pedro/git/Labyrinth-Hackathon/install/maze_bringup' for CMake module files
[2.238s] Level 1:colcon.colcon_core.environment:checking '/home/joao-pedro/git/Labyrinth-Hackathon/install/maze_bringup' for CMake config files
[2.238s] Level 1:colcon.colcon_core.shell:create_environment_hook('maze_bringup', 'cmake_prefix_path')
[2.238s] INFO:colcon.colcon_core.shell:Creating environment hook '/home/joao-pedro/git/Labyrinth-Hackathon/install/maze_bringup/share/maze_bringup/hook/cmake_prefix_path.ps1'
[2.239s] INFO:colcon.colcon_core.shell:Creating environment descriptor '/home/joao-pedro/git/Labyrinth-Hackathon/install/maze_bringup/share/maze_bringup/hook/cmake_prefix_path.dsv'
[2.239s] INFO:colcon.colcon_core.shell:Creating environment hook '/home/joao-pedro/git/Labyrinth-Hackathon/install/maze_bringup/share/maze_bringup/hook/cmake_prefix_path.sh'
[2.240s] Level 1:colcon.colcon_core.environment:checking '/home/joao-pedro/git/Labyrinth-Hackathon/install/maze_bringup/bin'
[2.240s] Level 1:colcon.colcon_core.environment:checking '/home/joao-pedro/git/Labyrinth-Hackathon/install/maze_bringup/lib/pkgconfig/maze_bringup.pc'
[2.241s] Level 1:colcon.colcon_core.environment:checking '/home/joao-pedro/git/Labyrinth-Hackathon/install/maze_bringup/lib/python3.12/site-packages'
[2.241s] Level 1:colcon.colcon_core.environment:checking '/home/joao-pedro/git/Labyrinth-Hackathon/install/maze_bringup/bin'
[2.241s] INFO:colcon.colcon_core.shell:Creating package script '/home/joao-pedro/git/Labyrinth-Hackathon/install/maze_bringup/share/maze_bringup/package.ps1'
[2.242s] INFO:colcon.colcon_core.shell:Creating package descriptor '/home/joao-pedro/git/Labyrinth-Hackathon/install/maze_bringup/share/maze_bringup/package.dsv'
[2.243s] INFO:colcon.colcon_core.shell:Creating package script '/home/joao-pedro/git/Labyrinth-Hackathon/install/maze_bringup/share/maze_bringup/package.sh'
[2.243s] INFO:colcon.colcon_core.shell:Creating package script '/home/joao-pedro/git/Labyrinth-Hackathon/install/maze_bringup/share/maze_bringup/package.bash'
[2.244s] INFO:colcon.colcon_core.shell:Creating package script '/home/joao-pedro/git/Labyrinth-Hackathon/install/maze_bringup/share/maze_bringup/package.zsh'
[2.244s] Level 1:colcon.colcon_core.environment:create_file_with_runtime_dependencies(/home/joao-pedro/git/Labyrinth-Hackathon/install/maze_bringup/share/colcon-core/packages/maze_bringup)
[3.070s] DEBUG:colcon.colcon_core.event_handler.log_command:Invoked command in '/home/joao-pedro/git/Labyrinth-Hackathon/build/maze_robot' returned '0': CMAKE_PREFIX_PATH=${CMAKE_PREFIX_PATH}:/opt/ros/jazzy DEBUGINFOD_URLS=https://debuginfod.ubuntu.com /usr/bin/cmake /home/joao-pedro/git/Labyrinth-Hackathon/src/maze_robot -DCMAKE_INSTALL_PREFIX=/home/joao-pedro/git/Labyrinth-Hackathon/install/maze_robot
[3.072s] DEBUG:colcon.colcon_core.event_handler.log_command:Invoking command in '/home/joao-pedro/git/Labyrinth-Hackathon/build/maze_robot': CMAKE_PREFIX_PATH=${CMAKE_PREFIX_PATH}:/opt/ros/jazzy DEBUGINFOD_URLS=https://debuginfod.ubuntu.com /usr/bin/cmake --build /home/joao-pedro/git/Labyrinth-Hackathon/build/maze_robot -- -j8 -l8
[14.993s] DEBUG:colcon.colcon_core.event_handler.log_command:Invoked command in '/home/joao-pedro/git/Labyrinth-Hackathon/build/maze_robot' returned '2': CMAKE_PREFIX_PATH=${CMAKE_PREFIX_PATH}:/opt/ros/jazzy DEBUGINFOD_URLS=https://debuginfod.ubuntu.com /usr/bin/cmake --build /home/joao-pedro/git/Labyrinth-Hackathon/build/maze_robot -- -j8 -l8
[14.993s] Level 1:colcon.colcon_core.environment:create_environment_scripts_only(maze_robot)
[14.993s] Level 1:colcon.colcon_core.environment:checking '/home/joao-pedro/git/Labyrinth-Hackathon/install/maze_robot' for CMake module files
[14.994s] Level 1:colcon.colcon_core.environment:checking '/home/joao-pedro/git/Labyrinth-Hackathon/install/maze_robot' for CMake config files
[14.994s] Level 1:colcon.colcon_core.environment:checking '/home/joao-pedro/git/Labyrinth-Hackathon/install/maze_robot/bin'
[14.995s] Level 1:colcon.colcon_core.environment:checking '/home/joao-pedro/git/Labyrinth-Hackathon/install/maze_robot/lib/pkgconfig/maze_robot.pc'
[14.995s] Level 1:colcon.colcon_core.environment:checking '/home/joao-pedro/git/Labyrinth-Hackathon/install/maze_robot/lib/python3.12/site-packages'
[14.995s] Level 1:colcon.colcon_core.environment:checking '/home/joao-pedro/git/Labyrinth-Hackathon/install/maze_robot/bin'
[14.995s] INFO:colcon.colcon_core.shell:Creating package script '/home/joao-pedro/git/Labyrinth-Hackathon/install/maze_robot/share/maze_robot/package.ps1'
[14.996s] INFO:colcon.colcon_core.shell:Creating package descriptor '/home/joao-pedro/git/Labyrinth-Hackathon/install/maze_robot/share/maze_robot/package.dsv'
[14.997s] INFO:colcon.colcon_core.shell:Creating package script '/home/joao-pedro/git/Labyrinth-Hackathon/install/maze_robot/share/maze_robot/package.sh'
[14.997s] INFO:colcon.colcon_core.shell:Creating package script '/home/joao-pedro/git/Labyrinth-Hackathon/install/maze_robot/share/maze_robot/package.bash'
[14.998s] INFO:colcon.colcon_core.shell:Creating package script '/home/joao-pedro/git/Labyrinth-Hackathon/install/maze_robot/share/maze_robot/package.zsh'
[14.998s] Level 1:colcon.colcon_core.environment:create_file_with_runtime_dependencies(/home/joao-pedro/git/Labyrinth-Hackathon/install/maze_robot/share/colcon-core/packages/maze_robot)
[15.010s] DEBUG:colcon.colcon_parallel_executor.executor.parallel:closing loop
[15.010s] DEBUG:colcon.colcon_parallel_executor.executor.parallel:loop closed
[15.010s] DEBUG:colcon.colcon_parallel_executor.executor.parallel:run_until_complete finished with '2'
[15.010s] DEBUG:colcon.colcon_core.event_reactor:joining thread
[15.019s] INFO:colcon.colcon_core.plugin_system:Skipping extension 'colcon_notification.desktop_notification.terminal_notifier': Not used on non-Darwin systems
[15.019s] INFO:colcon.colcon_core.plugin_system:Skipping extension 'colcon_notification.desktop_notification.win32': Not used on non-Windows systems
[15.019s] INFO:colcon.colcon_notification.desktop_notification:Sending desktop notification using 'notify2'
[15.040s] DEBUG:colcon.colcon_core.event_reactor:joined thread
[15.040s] INFO:colcon.colcon_core.shell:Creating prefix script '/home/joao-pedro/git/Labyrinth-Hackathon/install/local_setup.ps1'
[15.042s] INFO:colcon.colcon_core.shell:Creating prefix util module '/home/joao-pedro/git/Labyrinth-Hackathon/install/_local_setup_util_ps1.py'
[15.044s] INFO:colcon.colcon_core.shell:Creating prefix chain script '/home/joao-pedro/git/Labyrinth-Hackathon/install/setup.ps1'
[15.045s] INFO:colcon.colcon_core.shell:Creating prefix script '/home/joao-pedro/git/Labyrinth-Hackathon/install/local_setup.sh'
[15.046s] INFO:colcon.colcon_core.shell:Creating prefix util module '/home/joao-pedro/git/Labyrinth-Hackathon/install/_local_setup_util_sh.py'
[15.047s] INFO:colcon.colcon_core.shell:Creating prefix chain script '/home/joao-pedro/git/Labyrinth-Hackathon/install/setup.sh'
[15.048s] INFO:colcon.colcon_core.shell:Creating prefix script '/home/joao-pedro/git/Labyrinth-Hackathon/install/local_setup.bash'
[15.049s] INFO:colcon.colcon_core.shell:Creating prefix chain script '/home/joao-pedro/git/Labyrinth-Hackathon/install/setup.bash'
[15.050s] INFO:colcon.colcon_core.shell:Creating prefix script '/home/joao-pedro/git/Labyrinth-Hackathon/install/local_setup.zsh'
[15.051s] INFO:colcon.colcon_core.shell:Creating prefix chain script '/home/joao-pedro/git/Labyrinth-Hackathon/install/setup.zsh'
