[0.023s] Invoking command in '/home/joao-pedro/git/Labyrinth-Hackathon/build/maze_robot': CMAKE_PREFIX_PATH=${CMAKE_PREFIX_PATH}:/opt/ros/jazzy DEBUGINFOD_URLS=https://debuginfod.ubuntu.com /usr/bin/cmake /home/joao-pedro/git/Labyrinth-Hackathon/src/maze_robot -DCMAKE_INSTALL_PREFIX=/home/joao-pedro/git/Labyrinth-Hackathon/install/maze_robot
[0.095s] -- The C compiler identification is GNU 13.3.0
[0.166s] -- The CXX compiler identification is GNU 13.3.0
[0.185s] -- Detecting C compiler ABI info
[0.288s] -- Detecting C compiler ABI info - done
[0.303s] -- Check for working C compiler: /usr/bin/cc - skipped
[0.304s] -- Detecting C compile features
[0.304s] -- Detecting C compile features - done
[0.317s] -- Detecting CXX compiler ABI info
[0.443s] -- Detecting CXX compiler ABI info - done
[0.459s] -- Check for working CXX compiler: /usr/bin/c++ - skipped
[0.460s] -- Detecting CXX compile features
[0.461s] -- Detecting CXX compile features - done
[0.466s] -- Found ament_cmake: 2.5.6 (/opt/ros/jazzy/share/ament_cmake/cmake)
[0.688s] -- Found Python3: /usr/bin/python3 (found version "3.12.3") found components: Interpreter 
[0.847s] -- Found rclcpp: 28.1.18 (/opt/ros/jazzy/share/rclcpp/cmake)
[0.921s] -- Found rosidl_generator_c: 4.6.7 (/opt/ros/jazzy/share/rosidl_generator_c/cmake)
[0.949s] -- Found rosidl_generator_cpp: 4.6.7 (/opt/ros/jazzy/share/rosidl_generator_cpp/cmake)
[0.979s] -- Using all available rosidl_typesupport_c: rosidl_typesupport_fastrtps_c;rosidl_typesupport_introspection_c
[1.013s] -- Using all available rosidl_typesupport_cpp: rosidl_typesupport_fastrtps_cpp;rosidl_typesupport_introspection_cpp
[1.156s] -- Found rmw_implementation_cmake: 7.3.3 (/opt/ros/jazzy/share/rmw_implementation_cmake/cmake)
[1.163s] -- Found rmw_fastrtps_cpp: 8.4.3 (/opt/ros/jazzy/share/rmw_fastrtps_cpp/cmake)
[1.283s] -- Found OpenSSL: /usr/lib/x86_64-linux-gnu/libcrypto.so (found version "3.0.13")  
[1.312s] -- Found FastRTPS: /opt/ros/jazzy/include (Required is at least version "2.13") 
[1.348s] -- Using RMW implementation 'rmw_fastrtps_cpp' as default
[1.470s] -- Found std_msgs: 5.3.7 (/opt/ros/jazzy/share/std_msgs/cmake)
[1.494s] -- Found sensor_msgs: 5.3.7 (/opt/ros/jazzy/share/sensor_msgs/cmake)
[1.558s] -- Found cv_bridge: 4.1.0 (/opt/ros/jazzy/share/cv_bridge/cmake)
[1.585s] -- Found OpenCV: /usr (found version "4.6.0") 
[1.705s] -- Configuring done (1.7s)
[1.731s] -- Generating done (0.0s)
[1.738s] -- Build files have been written to: /home/joao-pedro/git/Labyrinth-Hackathon/build/maze_robot
[1.750s] Invoked command in '/home/joao-pedro/git/Labyrinth-Hackathon/build/maze_robot' returned '0': CMAKE_PREFIX_PATH=${CMAKE_PREFIX_PATH}:/opt/ros/jazzy DEBUGINFOD_URLS=https://debuginfod.ubuntu.com /usr/bin/cmake /home/joao-pedro/git/Labyrinth-Hackathon/src/maze_robot -DCMAKE_INSTALL_PREFIX=/home/joao-pedro/git/Labyrinth-Hackathon/install/maze_robot
[1.752s] Invoking command in '/home/joao-pedro/git/Labyrinth-Hackathon/build/maze_robot': CMAKE_PREFIX_PATH=${CMAKE_PREFIX_PATH}:/opt/ros/jazzy DEBUGINFOD_URLS=https://debuginfod.ubuntu.com /usr/bin/cmake --build /home/joao-pedro/git/Labyrinth-Hackathon/build/maze_robot -- -j8 -l8
[1.813s] [ 25%] [32mBuilding CXX object CMakeFiles/navigation_node.dir/src/navigation_node.cpp.o[0m
[1.813s] [ 50%] [32mBuilding CXX object CMakeFiles/perception_node.dir/src/perception_node.cpp.o[0m
[13.262s] [ 75%] [32m[1mLinking CXX executable navigation_node[0m
[13.688s] [ 75%] Built target navigation_node
[16.325s] [100%] [32m[1mLinking CXX executable perception_node[0m
[17.098s] [100%] Built target perception_node
[17.111s] Invoked command in '/home/joao-pedro/git/Labyrinth-Hackathon/build/maze_robot' returned '0': CMAKE_PREFIX_PATH=${CMAKE_PREFIX_PATH}:/opt/ros/jazzy DEBUGINFOD_URLS=https://debuginfod.ubuntu.com /usr/bin/cmake --build /home/joao-pedro/git/Labyrinth-Hackathon/build/maze_robot -- -j8 -l8
[17.113s] Invoking command in '/home/joao-pedro/git/Labyrinth-Hackathon/build/maze_robot': CMAKE_PREFIX_PATH=${CMAKE_PREFIX_PATH}:/opt/ros/jazzy DEBUGINFOD_URLS=https://debuginfod.ubuntu.com /usr/bin/cmake --install /home/joao-pedro/git/Labyrinth-Hackathon/build/maze_robot
[17.123s] -- Install configuration: ""
[17.123s] -- Installing: /home/joao-pedro/git/Labyrinth-Hackathon/install/maze_robot/lib/maze_robot/navigation_node
[17.128s] -- Set non-toolchain portion of runtime path of "/home/joao-pedro/git/Labyrinth-Hackathon/install/maze_robot/lib/maze_robot/navigation_node" to ""
[17.128s] -- Installing: /home/joao-pedro/git/Labyrinth-Hackathon/install/maze_robot/lib/maze_robot/perception_node
[17.133s] -- Set non-toolchain portion of runtime path of "/home/joao-pedro/git/Labyrinth-Hackathon/install/maze_robot/lib/maze_robot/perception_node" to ""
[17.133s] [31mCMake Error at cmake_install.cmake:94 (file):
[17.133s]   file INSTALL cannot find
[17.133s]   "/home/joao-pedro/git/Labyrinth-Hackathon/src/maze_robot/launch": No such
[17.133s]   file or directory.
[17.133s] 
[17.133s] [0m
[17.134s] Invoked command in '/home/joao-pedro/git/Labyrinth-Hackathon/build/maze_robot' returned '1': CMAKE_PREFIX_PATH=${CMAKE_PREFIX_PATH}:/opt/ros/jazzy DEBUGINFOD_URLS=https://debuginfod.ubuntu.com /usr/bin/cmake --install /home/joao-pedro/git/Labyrinth-Hackathon/build/maze_robot
