[0.018s] Invoking command in '/home/joao-pedro/git/Labyrinth-Hackathon/build/maze_bringup': CMAKE_PREFIX_PATH=${CMAKE_PREFIX_PATH}:/opt/ros/jazzy DEBUGINFOD_URLS=https://debuginfod.ubuntu.com /usr/bin/cmake --build /home/joao-pedro/git/Labyrinth-Hackathon/build/maze_bringup -- -j8 -l8
[0.070s] Invoked command in '/home/joao-pedro/git/Labyrinth-Hackathon/build/maze_bringup' returned '0': CMAKE_PREFIX_PATH=${CMAKE_PREFIX_PATH}:/opt/ros/jazzy DEBUGINFOD_URLS=https://debuginfod.ubuntu.com /usr/bin/cmake --build /home/joao-pedro/git/Labyrinth-Hackathon/build/maze_bringup -- -j8 -l8
[0.084s] Invoking command in '/home/joao-pedro/git/Labyrinth-Hackathon/build/maze_bringup': CMAKE_PREFIX_PATH=${CMAKE_PREFIX_PATH}:/opt/ros/jazzy DEBUGINFOD_URLS=https://debuginfod.ubuntu.com /usr/bin/cmake --install /home/joao-pedro/git/Labyrinth-Hackathon/build/maze_bringup
[0.098s] -- Install configuration: ""
[0.099s] -- Up-to-date: /home/joao-pedro/git/Labyrinth-Hackathon/install/maze_bringup/share/maze_bringup/launch
[0.099s] -- Up-to-date: /home/joao-pedro/git/Labyrinth-Hackathon/install/maze_bringup/share/maze_bringup/launch/maze.launch.py
[0.099s] -- Up-to-date: /home/joao-pedro/git/Labyrinth-Hackathon/install/maze_bringup/share/maze_bringup/config
[0.100s] -- Up-to-date: /home/joao-pedro/git/Labyrinth-Hackathon/install/maze_bringup/share/maze_bringup/config/params.yaml
[0.100s] -- Up-to-date: /home/joao-pedro/git/Labyrinth-Hackathon/install/maze_bringup/share/ament_index/resource_index/package_run_dependencies/maze_bringup
[0.100s] -- Up-to-date: /home/joao-pedro/git/Labyrinth-Hackathon/install/maze_bringup/share/ament_index/resource_index/parent_prefix_path/maze_bringup
[0.100s] -- Up-to-date: /home/joao-pedro/git/Labyrinth-Hackathon/install/maze_bringup/share/maze_bringup/environment/ament_prefix_path.sh
[0.100s] -- Up-to-date: /home/joao-pedro/git/Labyrinth-Hackathon/install/maze_bringup/share/maze_bringup/environment/ament_prefix_path.dsv
[0.100s] -- Up-to-date: /home/joao-pedro/git/Labyrinth-Hackathon/install/maze_bringup/share/maze_bringup/environment/path.sh
[0.100s] -- Up-to-date: /home/joao-pedro/git/Labyrinth-Hackathon/install/maze_bringup/share/maze_bringup/environment/path.dsv
[0.100s] -- Up-to-date: /home/joao-pedro/git/Labyrinth-Hackathon/install/maze_bringup/share/maze_bringup/local_setup.bash
[0.101s] -- Up-to-date: /home/joao-pedro/git/Labyrinth-Hackathon/install/maze_bringup/share/maze_bringup/local_setup.sh
[0.101s] -- Up-to-date: /home/joao-pedro/git/Labyrinth-Hackathon/install/maze_bringup/share/maze_bringup/local_setup.zsh
[0.101s] -- Up-to-date: /home/joao-pedro/git/Labyrinth-Hackathon/install/maze_bringup/share/maze_bringup/local_setup.dsv
[0.101s] -- Installing: /home/joao-pedro/git/Labyrinth-Hackathon/install/maze_bringup/share/maze_bringup/package.dsv
[0.101s] -- Up-to-date: /home/joao-pedro/git/Labyrinth-Hackathon/install/maze_bringup/share/ament_index/resource_index/packages/maze_bringup
[0.101s] -- Up-to-date: /home/joao-pedro/git/Labyrinth-Hackathon/install/maze_bringup/share/maze_bringup/cmake/maze_bringupConfig.cmake
[0.102s] -- Up-to-date: /home/joao-pedro/git/Labyrinth-Hackathon/install/maze_bringup/share/maze_bringup/cmake/maze_bringupConfig-version.cmake
[0.102s] -- Up-to-date: /home/joao-pedro/git/Labyrinth-Hackathon/install/maze_bringup/share/maze_bringup/package.xml
[0.103s] Invoked command in '/home/joao-pedro/git/Labyrinth-Hackathon/build/maze_bringup' returned '0': CMAKE_PREFIX_PATH=${CMAKE_PREFIX_PATH}:/opt/ros/jazzy DEBUGINFOD_URLS=https://debuginfod.ubuntu.com /usr/bin/cmake --install /home/joao-pedro/git/Labyrinth-Hackathon/build/maze_bringup
