[ 50%] Built target navigation_node
[100%] Built target perception_node
-- Install configuration: ""
-- Up-to-date: /home/joao-pedro/git/Labyrinth-Hackathon/install/maze_robot/lib/maze_robot/navigation_node
-- Up-to-date: /home/joao-pedro/git/Labyrinth-Hackathon/install/maze_robot/lib/maze_robot/perception_node
-- Up-to-date: /home/joao-pedro/git/Labyrinth-Hackathon/install/maze_robot/share/maze_robot/launch
-- Up-to-date: /home/joao-pedro/git/Labyrinth-Hackathon/install/maze_robot/share/maze_robot/launch/maze.launch.py
-- Up-to-date: /home/joao-pedro/git/Labyrinth-Hackathon/install/maze_robot/share/ament_index/resource_index/package_run_dependencies/maze_robot
-- Up-to-date: /home/joao-pedro/git/Labyrinth-Hackathon/install/maze_robot/share/ament_index/resource_index/parent_prefix_path/maze_robot
-- Up-to-date: /home/joao-pedro/git/Labyrinth-Hackathon/install/maze_robot/share/maze_robot/environment/ament_prefix_path.sh
-- Up-to-date: /home/joao-pedro/git/Labyrinth-Hackathon/install/maze_robot/share/maze_robot/environment/ament_prefix_path.dsv
-- Up-to-date: /home/joao-pedro/git/Labyrinth-Hackathon/install/maze_robot/share/maze_robot/environment/path.sh
-- Up-to-date: /home/joao-pedro/git/Labyrinth-Hackathon/install/maze_robot/share/maze_robot/environment/path.dsv
-- Up-to-date: /home/joao-pedro/git/Labyrinth-Hackathon/install/maze_robot/share/maze_robot/local_setup.bash
-- Up-to-date: /home/joao-pedro/git/Labyrinth-Hackathon/install/maze_robot/share/maze_robot/local_setup.sh
-- Up-to-date: /home/joao-pedro/git/Labyrinth-Hackathon/install/maze_robot/share/maze_robot/local_setup.zsh
-- Up-to-date: /home/joao-pedro/git/Labyrinth-Hackathon/install/maze_robot/share/maze_robot/local_setup.dsv
-- Installing: /home/joao-pedro/git/Labyrinth-Hackathon/install/maze_robot/share/maze_robot/package.dsv
-- Up-to-date: /home/joao-pedro/git/Labyrinth-Hackathon/install/maze_robot/share/ament_index/resource_index/packages/maze_robot
-- Up-to-date: /home/joao-pedro/git/Labyrinth-Hackathon/install/maze_robot/share/maze_robot/cmake/maze_robotConfig.cmake
-- Up-to-date: /home/joao-pedro/git/Labyrinth-Hackathon/install/maze_robot/share/maze_robot/cmake/maze_robotConfig-version.cmake
-- Up-to-date: /home/joao-pedro/git/Labyrinth-Hackathon/install/maze_robot/share/maze_robot/package.xml
