[0.034s] Invoking command in '/home/joao-pedro/git/Labyrinth-Hackathon/build/maze_robot': CMAKE_PREFIX_PATH=${CMAKE_PREFIX_PATH}:/opt/ros/jazzy DEBUGINFOD_URLS=https://debuginfod.ubuntu.com /usr/bin/cmake --build /home/joao-pedro/git/Labyrinth-Hackathon/build/maze_robot -- -j8 -l8
[0.131s] [ 50%] Built target navigation_node
[0.135s] [100%] Built target perception_node
[0.152s] Invoked command in '/home/joao-pedro/git/Labyrinth-Hackathon/build/maze_robot' returned '0': CMAKE_PREFIX_PATH=${CMAKE_PREFIX_PATH}:/opt/ros/jazzy DEBUGINFOD_URLS=https://debuginfod.ubuntu.com /usr/bin/cmake --build /home/joao-pedro/git/Labyrinth-Hackathon/build/maze_robot -- -j8 -l8
[0.153s] Invoking command in '/home/joao-pedro/git/Labyrinth-Hackathon/build/maze_robot': CMAKE_PREFIX_PATH=${CMAKE_PREFIX_PATH}:/opt/ros/jazzy DEBUGINFOD_URLS=https://debuginfod.ubuntu.com /usr/bin/cmake --install /home/joao-pedro/git/Labyrinth-Hackathon/build/maze_robot
[0.165s] -- Install configuration: ""
[0.165s] -- Up-to-date: /home/joao-pedro/git/Labyrinth-Hackathon/install/maze_robot/lib/maze_robot/navigation_node
[0.165s] -- Up-to-date: /home/joao-pedro/git/Labyrinth-Hackathon/install/maze_robot/lib/maze_robot/perception_node
[0.166s] -- Up-to-date: /home/joao-pedro/git/Labyrinth-Hackathon/install/maze_robot/share/maze_robot/launch
[0.166s] -- Up-to-date: /home/joao-pedro/git/Labyrinth-Hackathon/install/maze_robot/share/maze_robot/launch/maze.launch.py
[0.167s] -- Up-to-date: /home/joao-pedro/git/Labyrinth-Hackathon/install/maze_robot/share/ament_index/resource_index/package_run_dependencies/maze_robot
[0.167s] -- Up-to-date: /home/joao-pedro/git/Labyrinth-Hackathon/install/maze_robot/share/ament_index/resource_index/parent_prefix_path/maze_robot
[0.167s] -- Up-to-date: /home/joao-pedro/git/Labyrinth-Hackathon/install/maze_robot/share/maze_robot/environment/ament_prefix_path.sh
[0.167s] -- Up-to-date: /home/joao-pedro/git/Labyrinth-Hackathon/install/maze_robot/share/maze_robot/environment/ament_prefix_path.dsv
[0.168s] -- Up-to-date: /home/joao-pedro/git/Labyrinth-Hackathon/install/maze_robot/share/maze_robot/environment/path.sh
[0.168s] -- Up-to-date: /home/joao-pedro/git/Labyrinth-Hackathon/install/maze_robot/share/maze_robot/environment/path.dsv
[0.168s] -- Up-to-date: /home/joao-pedro/git/Labyrinth-Hackathon/install/maze_robot/share/maze_robot/local_setup.bash
[0.169s] -- Up-to-date: /home/joao-pedro/git/Labyrinth-Hackathon/install/maze_robot/share/maze_robot/local_setup.sh
[0.169s] -- Up-to-date: /home/joao-pedro/git/Labyrinth-Hackathon/install/maze_robot/share/maze_robot/local_setup.zsh
[0.173s] -- Up-to-date: /home/joao-pedro/git/Labyrinth-Hackathon/install/maze_robot/share/maze_robot/local_setup.dsv
[0.174s] -- Installing: /home/joao-pedro/git/Labyrinth-Hackathon/install/maze_robot/share/maze_robot/package.dsv
[0.174s] -- Up-to-date: /home/joao-pedro/git/Labyrinth-Hackathon/install/maze_robot/share/ament_index/resource_index/packages/maze_robot
[0.174s] -- Up-to-date: /home/joao-pedro/git/Labyrinth-Hackathon/install/maze_robot/share/maze_robot/cmake/maze_robotConfig.cmake
[0.174s] -- Up-to-date: /home/joao-pedro/git/Labyrinth-Hackathon/install/maze_robot/share/maze_robot/cmake/maze_robotConfig-version.cmake
[0.174s] -- Up-to-date: /home/joao-pedro/git/Labyrinth-Hackathon/install/maze_robot/share/maze_robot/package.xml
[0.174s] Invoked command in '/home/joao-pedro/git/Labyrinth-Hackathon/build/maze_robot' returned '0': CMAKE_PREFIX_PATH=${CMAKE_PREFIX_PATH}:/opt/ros/jazzy DEBUGINFOD_URLS=https://debuginfod.ubuntu.com /usr/bin/cmake --install /home/joao-pedro/git/Labyrinth-Hackathon/build/maze_robot
