-- Install configuration: ""
-- Up-to-date: /home/joao-pedro/git/Labyrinth-Hackathon/install/maze_bringup/share/maze_bringup/launch
-- Up-to-date: /home/joao-pedro/git/Labyrinth-Hackathon/install/maze_bringup/share/maze_bringup/launch/maze.launch.py
-- Up-to-date: /home/joao-pedro/git/Labyrinth-Hackathon/install/maze_bringup/share/maze_bringup/config
-- Up-to-date: /home/joao-pedro/git/Labyrinth-Hackathon/install/maze_bringup/share/maze_bringup/config/params.yaml
-- Up-to-date: /home/joao-pedro/git/Labyrinth-Hackathon/install/maze_bringup/share/ament_index/resource_index/package_run_dependencies/maze_bringup
-- Up-to-date: /home/joao-pedro/git/Labyrinth-Hackathon/install/maze_bringup/share/ament_index/resource_index/parent_prefix_path/maze_bringup
-- Up-to-date: /home/joao-pedro/git/Labyrinth-Hackathon/install/maze_bringup/share/maze_bringup/environment/ament_prefix_path.sh
-- Up-to-date: /home/joao-pedro/git/Labyrinth-Hackathon/install/maze_bringup/share/maze_bringup/environment/ament_prefix_path.dsv
-- Up-to-date: /home/joao-pedro/git/Labyrinth-Hackathon/install/maze_bringup/share/maze_bringup/environment/path.sh
-- Up-to-date: /home/joao-pedro/git/Labyrinth-Hackathon/install/maze_bringup/share/maze_bringup/environment/path.dsv
-- Up-to-date: /home/joao-pedro/git/Labyrinth-Hackathon/install/maze_bringup/share/maze_bringup/local_setup.bash
-- Up-to-date: /home/joao-pedro/git/Labyrinth-Hackathon/install/maze_bringup/share/maze_bringup/local_setup.sh
-- Up-to-date: /home/joao-pedro/git/Labyrinth-Hackathon/install/maze_bringup/share/maze_bringup/local_setup.zsh
-- Up-to-date: /home/joao-pedro/git/Labyrinth-Hackathon/install/maze_bringup/share/maze_bringup/local_setup.dsv
-- Up-to-date: /home/joao-pedro/git/Labyrinth-Hackathon/install/maze_bringup/share/maze_bringup/package.dsv
-- Up-to-date: /home/joao-pedro/git/Labyrinth-Hackathon/install/maze_bringup/share/ament_index/resource_index/packages/maze_bringup
-- Up-to-date: /home/joao-pedro/git/Labyrinth-Hackathon/install/maze_bringup/share/maze_bringup/cmake/maze_bringupConfig.cmake
-- Up-to-date: /home/joao-pedro/git/Labyrinth-Hackathon/install/maze_bringup/share/maze_bringup/cmake/maze_bringupConfig-version.cmake
-- Up-to-date: /home/joao-pedro/git/Labyrinth-Hackathon/install/maze_bringup/share/maze_bringup/package.xml
