-- The C compiler identification is GNU 13.3.0
-- The CXX compiler identification is GNU 13.3.0
-- Detecting C compiler ABI info
-- Detecting C compiler ABI info - done
-- Check for working C compiler: /usr/bin/cc - skipped
-- Detecting C compile features
-- Detecting C compile features - done
-- Detecting CXX compiler ABI info
-- Detecting CXX compiler ABI info - done
-- Check for working CXX compiler: /usr/bin/c++ - skipped
-- Detecting CXX compile features
-- Detecting CXX compile features - done
-- Found ament_cmake: 2.5.6 (/opt/ros/jazzy/share/ament_cmake/cmake)
-- Found Python3: /usr/bin/python3 (found version "3.12.3") found components: Interpreter 
-- Override CMake install command with custom implementation using symlinks instead of copying resources
-- Found rclcpp: 28.1.18 (/opt/ros/jazzy/share/rclcpp/cmake)
-- Found rosidl_generator_c: 4.6.7 (/opt/ros/jazzy/share/rosidl_generator_c/cmake)
-- Found rosidl_generator_cpp: 4.6.7 (/opt/ros/jazzy/share/rosidl_generator_cpp/cmake)
-- Using all available rosidl_typesupport_c: rosidl_typesupport_fastrtps_c;rosidl_typesupport_introspection_c
-- Using all available rosidl_typesupport_cpp: rosidl_typesupport_fastrtps_cpp;rosidl_typesupport_introspection_cpp
-- Found rmw_implementation_cmake: 7.3.3 (/opt/ros/jazzy/share/rmw_implementation_cmake/cmake)
-- Found rmw_fastrtps_cpp: 8.4.3 (/opt/ros/jazzy/share/rmw_fastrtps_cpp/cmake)
-- Found OpenSSL: /usr/lib/x86_64-linux-gnu/libcrypto.so (found version "3.0.13")  
-- Found FastRTPS: /opt/ros/jazzy/include (Required is at least version "2.13") 
-- Using RMW implementation 'rmw_fastrtps_cpp' as default
-- Found std_msgs: 5.3.7 (/opt/ros/jazzy/share/std_msgs/cmake)
-- Found sensor_msgs: 5.3.7 (/opt/ros/jazzy/share/sensor_msgs/cmake)
-- Found cv_bridge: 4.1.0 (/opt/ros/jazzy/share/cv_bridge/cmake)
-- Found OpenCV: /usr (found version "4.6.0") 
-- Configuring done (1.8s)
-- Generating done (0.0s)
-- Build files have been written to: /home/joao-pedro/git/Labyrinth-Hackathon/build/maze_robot
[ 50%] [32mBuilding CXX object CMakeFiles/perception_node.dir/src/perception_node.cpp.o[0m
[ 50%] [32mBuilding CXX object CMakeFiles/navigation_node.dir/src/navigation_node.cpp.o[0m
[ 75%] [32m[1mLinking CXX executable navigation_node[0m
[ 75%] Built target navigation_node
[100%] [32m[1mLinking CXX executable perception_node[0m
[100%] Built target perception_node
-- Install configuration: ""
-- Execute custom install script
-- Symlinking: /home/joao-pedro/git/Labyrinth-Hackathon/install/maze_robot/lib/maze_robot/navigation_node
-- Symlinking: /home/joao-pedro/git/Labyrinth-Hackathon/install/maze_robot/lib/maze_robot/perception_node
-- Symlinking: /home/joao-pedro/git/Labyrinth-Hackathon/install/maze_robot/share/maze_robot/launch/maze.launch.py
-- Symlinking: /home/joao-pedro/git/Labyrinth-Hackathon/install/maze_robot/share/ament_index/resource_index/package_run_dependencies/maze_robot
-- Symlinking: /home/joao-pedro/git/Labyrinth-Hackathon/install/maze_robot/share/ament_index/resource_index/parent_prefix_path/maze_robot
-- Symlinking: /home/joao-pedro/git/Labyrinth-Hackathon/install/maze_robot/share/maze_robot/environment/ament_prefix_path.sh
-- Symlinking: /home/joao-pedro/git/Labyrinth-Hackathon/install/maze_robot/share/maze_robot/environment/ament_prefix_path.dsv
-- Symlinking: /home/joao-pedro/git/Labyrinth-Hackathon/install/maze_robot/share/maze_robot/environment/path.sh
-- Symlinking: /home/joao-pedro/git/Labyrinth-Hackathon/install/maze_robot/share/maze_robot/environment/path.dsv
-- Symlinking: /home/joao-pedro/git/Labyrinth-Hackathon/install/maze_robot/share/maze_robot/local_setup.bash
-- Symlinking: /home/joao-pedro/git/Labyrinth-Hackathon/install/maze_robot/share/maze_robot/local_setup.sh
-- Symlinking: /home/joao-pedro/git/Labyrinth-Hackathon/install/maze_robot/share/maze_robot/local_setup.zsh
-- Symlinking: /home/joao-pedro/git/Labyrinth-Hackathon/install/maze_robot/share/maze_robot/local_setup.dsv
-- Symlinking: /home/joao-pedro/git/Labyrinth-Hackathon/install/maze_robot/share/maze_robot/package.dsv
-- Symlinking: /home/joao-pedro/git/Labyrinth-Hackathon/install/maze_robot/share/ament_index/resource_index/packages/maze_robot
-- Symlinking: /home/joao-pedro/git/Labyrinth-Hackathon/install/maze_robot/share/maze_robot/cmake/maze_robotConfig.cmake
-- Symlinking: /home/joao-pedro/git/Labyrinth-Hackathon/install/maze_robot/share/maze_robot/cmake/maze_robotConfig-version.cmake
-- Symlinking: /home/joao-pedro/git/Labyrinth-Hackathon/install/maze_robot/share/maze_robot/package.xml
