[0.017s] Invoking command in '/home/joao-pedro/git/Labyrinth-Hackathon/build/robot_ras_ros': CMAKE_PREFIX_PATH=${CMAKE_PREFIX_PATH}:/opt/ros/jazzy DEBUGINFOD_URLS=https://debuginfod.ubuntu.com /usr/bin/cmake /home/joao-pedro/git/Labyrinth-Hackathon/src/maze_bringup -DCMAKE_INSTALL_PREFIX=/home/joao-pedro/git/Labyrinth-Hackathon/install/robot_ras_ros
[0.035s] -- Found ament_cmake: 2.5.6 (/opt/ros/jazzy/share/ament_cmake/cmake)
[0.359s] -- Override CMake install command with custom implementation using symlinks instead of copying resources
[0.371s] -- Found ament_lint_auto: 0.17.5 (/opt/ros/jazzy/share/ament_lint_auto/cmake)
[0.515s] -- Added test 'copyright' to check source files copyright and LICENSE
[0.520s] -- Added test 'flake8' to check Python code syntax and style conventions
[0.521s] -- Configured 'flake8' exclude dirs and/or files: 
[0.521s] -- Added test 'lint_cmake' to check CMake code style
[0.522s] -- Added test 'pep257' to check Python code against some of the docstring style conventions in PEP 257
[0.524s] -- Added test 'xmllint' to check XML markup files
[0.526s] -- Configuring done (0.5s)
[0.531s] -- Generating done (0.0s)
[0.534s] -- Build files have been written to: /home/joao-pedro/git/Labyrinth-Hackathon/build/robot_ras_ros
[0.537s] Invoked command in '/home/joao-pedro/git/Labyrinth-Hackathon/build/robot_ras_ros' returned '0': CMAKE_PREFIX_PATH=${CMAKE_PREFIX_PATH}:/opt/ros/jazzy DEBUGINFOD_URLS=https://debuginfod.ubuntu.com /usr/bin/cmake /home/joao-pedro/git/Labyrinth-Hackathon/src/maze_bringup -DCMAKE_INSTALL_PREFIX=/home/joao-pedro/git/Labyrinth-Hackathon/install/robot_ras_ros
[0.539s] Invoking command in '/home/joao-pedro/git/Labyrinth-Hackathon/build/robot_ras_ros': CMAKE_PREFIX_PATH=${CMAKE_PREFIX_PATH}:/opt/ros/jazzy DEBUGINFOD_URLS=https://debuginfod.ubuntu.com /usr/bin/cmake --build /home/joao-pedro/git/Labyrinth-Hackathon/build/robot_ras_ros -- -j8 -l8
[0.588s] Invoked command in '/home/joao-pedro/git/Labyrinth-Hackathon/build/robot_ras_ros' returned '0': CMAKE_PREFIX_PATH=${CMAKE_PREFIX_PATH}:/opt/ros/jazzy DEBUGINFOD_URLS=https://debuginfod.ubuntu.com /usr/bin/cmake --build /home/joao-pedro/git/Labyrinth-Hackathon/build/robot_ras_ros -- -j8 -l8
[0.602s] Invoking command in '/home/joao-pedro/git/Labyrinth-Hackathon/build/robot_ras_ros': CMAKE_PREFIX_PATH=${CMAKE_PREFIX_PATH}:/opt/ros/jazzy DEBUGINFOD_URLS=https://debuginfod.ubuntu.com /usr/bin/cmake --install /home/joao-pedro/git/Labyrinth-Hackathon/build/robot_ras_ros
[0.613s] -- Install configuration: ""
[0.613s] -- Execute custom install script
[0.614s] -- Up-to-date symlink: /home/joao-pedro/git/Labyrinth-Hackathon/install/robot_ras_ros/share/robot_ras_ros/urdf/camera.xacro
[0.614s] -- Up-to-date symlink: /home/joao-pedro/git/Labyrinth-Hackathon/install/robot_ras_ros/share/robot_ras_ros/urdf/chassis.xacro
[0.614s] -- Up-to-date symlink: /home/joao-pedro/git/Labyrinth-Hackathon/install/robot_ras_ros/share/robot_ras_ros/urdf/gazebo_elementos.xacro
[0.615s] -- Up-to-date symlink: /home/joao-pedro/git/Labyrinth-Hackathon/install/robot_ras_ros/share/robot_ras_ros/urdf/lidar.xacro
[0.615s] -- Up-to-date symlink: /home/joao-pedro/git/Labyrinth-Hackathon/install/robot_ras_ros/share/robot_ras_ros/urdf/materiais.xacro
[0.615s] -- Up-to-date symlink: /home/joao-pedro/git/Labyrinth-Hackathon/install/robot_ras_ros/share/robot_ras_ros/urdf/propriedades.xacro
[0.615s] -- Up-to-date symlink: /home/joao-pedro/git/Labyrinth-Hackathon/install/robot_ras_ros/share/robot_ras_ros/urdf/robot.urdf.xacro
[0.616s] -- Up-to-date symlink: /home/joao-pedro/git/Labyrinth-Hackathon/install/robot_ras_ros/share/robot_ras_ros/urdf/roda.xacro
[0.616s] -- Up-to-date symlink: /home/joao-pedro/git/Labyrinth-Hackathon/install/robot_ras_ros/share/robot_ras_ros/urdf/roda_boba.xacro
[0.617s] -- Up-to-date symlink: /home/joao-pedro/git/Labyrinth-Hackathon/install/robot_ras_ros/share/robot_ras_ros/launch/gazebo.launch.py
[0.617s] -- Up-to-date symlink: /home/joao-pedro/git/Labyrinth-Hackathon/install/robot_ras_ros/share/robot_ras_ros/launch/spawn.launch.py
[0.617s] -- Up-to-date symlink: /home/joao-pedro/git/Labyrinth-Hackathon/install/robot_ras_ros/share/robot_ras_ros/worlds/hacka_labirinth.world
[0.618s] -- Up-to-date symlink: /home/joao-pedro/git/Labyrinth-Hackathon/install/robot_ras_ros/share/robot_ras_ros/worlds/labirinth.world
[0.618s] -- Up-to-date symlink: /home/joao-pedro/git/Labyrinth-Hackathon/install/robot_ras_ros/share/robot_ras_ros/params/ros2_control.yaml
[0.619s] -- Up-to-date symlink: /home/joao-pedro/git/Labyrinth-Hackathon/install/robot_ras_ros/share/robot_ras_ros/rviz/default.rviz
[0.619s] -- Up-to-date symlink: /home/joao-pedro/git/Labyrinth-Hackathon/install/robot_ras_ros/share/robot_ras_ros/models/hacka_labirinth/model.config
[0.619s] -- Up-to-date symlink: /home/joao-pedro/git/Labyrinth-Hackathon/install/robot_ras_ros/share/robot_ras_ros/models/hacka_labirinth/model.sdf
[0.620s] -- Up-to-date symlink: /home/joao-pedro/git/Labyrinth-Hackathon/install/robot_ras_ros/share/robot_ras_ros/models/hacka_wall/model.config
[0.620s] -- Up-to-date symlink: /home/joao-pedro/git/Labyrinth-Hackathon/install/robot_ras_ros/share/robot_ras_ros/models/hacka_wall/model.sdf
[0.620s] -- Up-to-date symlink: /home/joao-pedro/git/Labyrinth-Hackathon/install/robot_ras_ros/share/robot_ras_ros/models/labirinth/model.config
[0.621s] -- Up-to-date symlink: /home/joao-pedro/git/Labyrinth-Hackathon/install/robot_ras_ros/share/robot_ras_ros/models/labirinth/model.sdf
[0.621s] -- Up-to-date symlink: /home/joao-pedro/git/Labyrinth-Hackathon/install/robot_ras_ros/share/robot_ras_ros/models/walls/model.config
[0.621s] -- Up-to-date symlink: /home/joao-pedro/git/Labyrinth-Hackathon/install/robot_ras_ros/share/robot_ras_ros/models/walls/model.sdf
[0.621s] -- Up-to-date symlink: /home/joao-pedro/git/Labyrinth-Hackathon/install/robot_ras_ros/share/robot_ras_ros/package.xml
[0.622s] -- Up-to-date symlink: /home/joao-pedro/git/Labyrinth-Hackathon/install/robot_ras_ros/share/ament_index/resource_index/package_run_dependencies/robot_ras_ros
[0.622s] -- Up-to-date symlink: /home/joao-pedro/git/Labyrinth-Hackathon/install/robot_ras_ros/share/ament_index/resource_index/parent_prefix_path/robot_ras_ros
[0.623s] -- Up-to-date symlink: /home/joao-pedro/git/Labyrinth-Hackathon/install/robot_ras_ros/share/robot_ras_ros/environment/ament_prefix_path.sh
[0.623s] -- Up-to-date symlink: /home/joao-pedro/git/Labyrinth-Hackathon/install/robot_ras_ros/share/robot_ras_ros/environment/ament_prefix_path.dsv
[0.623s] -- Up-to-date symlink: /home/joao-pedro/git/Labyrinth-Hackathon/install/robot_ras_ros/share/robot_ras_ros/environment/path.sh
[0.624s] -- Up-to-date symlink: /home/joao-pedro/git/Labyrinth-Hackathon/install/robot_ras_ros/share/robot_ras_ros/environment/path.dsv
[0.624s] -- Up-to-date symlink: /home/joao-pedro/git/Labyrinth-Hackathon/install/robot_ras_ros/share/robot_ras_ros/local_setup.bash
[0.624s] -- Up-to-date symlink: /home/joao-pedro/git/Labyrinth-Hackathon/install/robot_ras_ros/share/robot_ras_ros/local_setup.sh
[0.625s] -- Up-to-date symlink: /home/joao-pedro/git/Labyrinth-Hackathon/install/robot_ras_ros/share/robot_ras_ros/local_setup.zsh
[0.625s] -- Up-to-date symlink: /home/joao-pedro/git/Labyrinth-Hackathon/install/robot_ras_ros/share/robot_ras_ros/local_setup.dsv
[0.625s] -- Symlinking: /home/joao-pedro/git/Labyrinth-Hackathon/install/robot_ras_ros/share/robot_ras_ros/package.dsv
[0.637s] -- Up-to-date symlink: /home/joao-pedro/git/Labyrinth-Hackathon/install/robot_ras_ros/share/ament_index/resource_index/packages/robot_ras_ros
[0.638s] -- Up-to-date symlink: /home/joao-pedro/git/Labyrinth-Hackathon/install/robot_ras_ros/share/robot_ras_ros/cmake/robot_ras_rosConfig.cmake
[0.638s] -- Up-to-date symlink: /home/joao-pedro/git/Labyrinth-Hackathon/install/robot_ras_ros/share/robot_ras_ros/cmake/robot_ras_rosConfig-version.cmake
[0.638s] -- Up-to-date symlink: /home/joao-pedro/git/Labyrinth-Hackathon/install/robot_ras_ros/share/robot_ras_ros/package.xml
[0.640s] Invoked command in '/home/joao-pedro/git/Labyrinth-Hackathon/build/robot_ras_ros' returned '0': CMAKE_PREFIX_PATH=${CMAKE_PREFIX_PATH}:/opt/ros/jazzy DEBUGINFOD_URLS=https://debuginfod.ubuntu.com /usr/bin/cmake --install /home/joao-pedro/git/Labyrinth-Hackathon/build/robot_ras_ros
