[0.197s] DEBUG:colcon:Command line arguments: ['/usr/bin/colcon', 'build']
[0.197s] DEBUG:colcon:Parsed command line arguments: Namespace(log_base=None, log_level=None, verb_name='build', build_base='build', install_base='install', merge_install=False, symlink_install=False, test_result_base=None, continue_on_error=False, executor='parallel', parallel_workers=8, event_handlers=None, ignore_user_meta=False, metas=['./colcon.meta'], base_paths=['.'], packages_ignore=None, packages_ignore_regex=None, paths=None, packages_up_to=None, packages_up_to_regex=None, packages_above=None, packages_above_and_dependencies=None, packages_above_depth=None, packages_select_by_dep=None, packages_skip_by_dep=None, packages_skip_up_to=None, packages_select_build_failed=False, packages_skip_build_finished=False, packages_select_test_failures=False, packages_skip_test_passed=False, packages_select=None, packages_skip=None, packages_select_regex=None, packages_skip_regex=None, packages_start=None, packages_end=None, allow_overriding=[], cmake_args=None, cmake_target=None, cmake_target_skip_unavailable=False, cmake_clean_cache=False, cmake_clean_first=False, cmake_force_configure=False, ament_cmake_args=None, catkin_cmake_args=None, catkin_skip_building_tests=False, mixin_files=None, mixin=None, verb_parser=<colcon_mixin.mixin.mixin_argument.MixinArgumentDecorator object at 0x75825118b050>, verb_extension=<colcon_core.verb.build.BuildVerb object at 0x75825118af90>, main=<bound method BuildVerb.main of <colcon_core.verb.build.BuildVerb object at 0x75825118af90>>, mixin_verb=('build',))
[0.255s] Level 1:colcon.colcon_core.package_discovery:discover_packages(colcon_meta) check parameters
[0.255s] Level 1:colcon.colcon_core.package_discovery:discover_packages(recursive) check parameters
[0.255s] Level 1:colcon.colcon_core.package_discovery:discover_packages(ignore) check parameters
[0.255s] Level 1:colcon.colcon_core.package_discovery:discover_packages(path) check parameters
[0.255s] Level 1:colcon.colcon_core.package_discovery:discover_packages(colcon_meta) discover
[0.255s] Level 1:colcon.colcon_core.package_discovery:discover_packages(recursive) discover
[0.255s] INFO:colcon.colcon_core.package_discovery:Crawling recursively for packages in '/home/joao-pedro/git/Labyrinth-Hackathon'
[0.256s] Level 1:colcon.colcon_core.package_identification:_identify(.) by extensions ['ignore', 'ignore_ament_install']
[0.256s] Level 1:colcon.colcon_core.package_identification:_identify(.) by extension 'ignore'
[0.256s] Level 1:colcon.colcon_core.package_identification:_identify(.) by extension 'ignore_ament_install'
[0.256s] Level 1:colcon.colcon_core.package_identification:_identify(.) by extensions ['colcon_pkg']
[0.256s] Level 1:colcon.colcon_core.package_identification:_identify(.) by extension 'colcon_pkg'
[0.256s] Level 1:colcon.colcon_core.package_identification:_identify(.) by extensions ['colcon_meta']
[0.256s] Level 1:colcon.colcon_core.package_identification:_identify(.) by extension 'colcon_meta'
[0.256s] Level 1:colcon.colcon_core.package_identification:_identify(.) by extensions ['ros']
[0.256s] Level 1:colcon.colcon_core.package_identification:_identify(.) by extension 'ros'
[0.296s] Level 1:colcon.colcon_core.package_identification:_identify(.) by extensions ['cmake', 'python']
[0.296s] Level 1:colcon.colcon_core.package_identification:_identify(.) by extension 'cmake'
[0.296s] Level 1:colcon.colcon_core.package_identification:_identify(.) by extension 'python'
[0.296s] Level 1:colcon.colcon_core.package_identification:_identify(.) by extensions ['python_setup_py']
[0.296s] Level 1:colcon.colcon_core.package_identification:_identify(.) by extension 'python_setup_py'
[0.296s] Level 1:colcon.colcon_core.package_identification:_identify(build) by extensions ['ignore', 'ignore_ament_install']
[0.297s] Level 1:colcon.colcon_core.package_identification:_identify(build) by extension 'ignore'
[0.297s] Level 1:colcon.colcon_core.package_identification:_identify(build) ignored
[0.297s] Level 1:colcon.colcon_core.package_identification:_identify(install) by extensions ['ignore', 'ignore_ament_install']
[0.297s] Level 1:colcon.colcon_core.package_identification:_identify(install) by extension 'ignore'
[0.297s] Level 1:colcon.colcon_core.package_identification:_identify(install) ignored
[0.298s] Level 1:colcon.colcon_core.package_identification:_identify(log) by extensions ['ignore', 'ignore_ament_install']
[0.298s] Level 1:colcon.colcon_core.package_identification:_identify(log) by extension 'ignore'
[0.298s] Level 1:colcon.colcon_core.package_identification:_identify(log) ignored
[0.298s] Level 1:colcon.colcon_core.package_identification:_identify(src) by extensions ['ignore', 'ignore_ament_install']
[0.298s] Level 1:colcon.colcon_core.package_identification:_identify(src) by extension 'ignore'
[0.298s] Level 1:colcon.colcon_core.package_identification:_identify(src) by extension 'ignore_ament_install'
[0.298s] Level 1:colcon.colcon_core.package_identification:_identify(src) by extensions ['colcon_pkg']
[0.298s] Level 1:colcon.colcon_core.package_identification:_identify(src) by extension 'colcon_pkg'
[0.298s] Level 1:colcon.colcon_core.package_identification:_identify(src) by extensions ['colcon_meta']
[0.298s] Level 1:colcon.colcon_core.package_identification:_identify(src) by extension 'colcon_meta'
[0.298s] Level 1:colcon.colcon_core.package_identification:_identify(src) by extensions ['ros']
[0.299s] Level 1:colcon.colcon_core.package_identification:_identify(src) by extension 'ros'
[0.299s] Level 1:colcon.colcon_core.package_identification:_identify(src) by extensions ['cmake', 'python']
[0.299s] Level 1:colcon.colcon_core.package_identification:_identify(src) by extension 'cmake'
[0.299s] Level 1:colcon.colcon_core.package_identification:_identify(src) by extension 'python'
[0.299s] Level 1:colcon.colcon_core.package_identification:_identify(src) by extensions ['python_setup_py']
[0.299s] Level 1:colcon.colcon_core.package_identification:_identify(src) by extension 'python_setup_py'
[0.299s] Level 1:colcon.colcon_core.package_identification:_identify(src/maze_bringup) by extensions ['ignore', 'ignore_ament_install']
[0.299s] Level 1:colcon.colcon_core.package_identification:_identify(src/maze_bringup) by extension 'ignore'
[0.299s] Level 1:colcon.colcon_core.package_identification:_identify(src/maze_bringup) by extension 'ignore_ament_install'
[0.299s] Level 1:colcon.colcon_core.package_identification:_identify(src/maze_bringup) by extensions ['colcon_pkg']
[0.299s] Level 1:colcon.colcon_core.package_identification:_identify(src/maze_bringup) by extension 'colcon_pkg'
[0.300s] Level 1:colcon.colcon_core.package_identification:_identify(src/maze_bringup) by extensions ['colcon_meta']
[0.300s] Level 1:colcon.colcon_core.package_identification:_identify(src/maze_bringup) by extension 'colcon_meta'
[0.300s] Level 1:colcon.colcon_core.package_identification:_identify(src/maze_bringup) by extensions ['ros']
[0.300s] Level 1:colcon.colcon_core.package_identification:_identify(src/maze_bringup) by extension 'ros'
[0.303s] DEBUG:colcon.colcon_core.package_identification:Package 'src/maze_bringup' with type 'ros.ament_cmake' and name 'robot_ras_ros'
[0.303s] Level 1:colcon.colcon_core.package_identification:_identify(src/maze_robot) by extensions ['ignore', 'ignore_ament_install']
[0.303s] Level 1:colcon.colcon_core.package_identification:_identify(src/maze_robot) by extension 'ignore'
[0.303s] Level 1:colcon.colcon_core.package_identification:_identify(src/maze_robot) by extension 'ignore_ament_install'
[0.303s] Level 1:colcon.colcon_core.package_identification:_identify(src/maze_robot) by extensions ['colcon_pkg']
[0.303s] Level 1:colcon.colcon_core.package_identification:_identify(src/maze_robot) by extension 'colcon_pkg'
[0.304s] Level 1:colcon.colcon_core.package_identification:_identify(src/maze_robot) by extensions ['colcon_meta']
[0.304s] Level 1:colcon.colcon_core.package_identification:_identify(src/maze_robot) by extension 'colcon_meta'
[0.304s] Level 1:colcon.colcon_core.package_identification:_identify(src/maze_robot) by extensions ['ros']
[0.304s] Level 1:colcon.colcon_core.package_identification:_identify(src/maze_robot) by extension 'ros'
[0.305s] DEBUG:colcon.colcon_core.package_identification:Package 'src/maze_robot' with type 'ros.ament_cmake' and name 'maze_robot'
[0.305s] Level 1:colcon.colcon_core.package_discovery:discover_packages(recursive) using defaults
[0.305s] Level 1:colcon.colcon_core.package_discovery:discover_packages(ignore) discover
[0.305s] Level 1:colcon.colcon_core.package_discovery:discover_packages(ignore) using defaults
[0.305s] Level 1:colcon.colcon_core.package_discovery:discover_packages(path) discover
[0.305s] Level 1:colcon.colcon_core.package_discovery:discover_packages(path) using defaults
[0.330s] Level 1:colcon.colcon_core.package_discovery:discover_packages(prefix_path) check parameters
[0.330s] Level 1:colcon.colcon_core.package_discovery:discover_packages(prefix_path) discover
[0.332s] DEBUG:colcon.colcon_installed_package_information.package_discovery:Found 3 installed packages in /home/joao-pedro/laser_uav_system_ws/install
[0.335s] DEBUG:colcon.colcon_installed_package_information.package_discovery:Found 352 installed packages in /opt/ros/jazzy
[0.337s] Level 1:colcon.colcon_core.package_discovery:discover_packages(prefix_path) using defaults
[0.417s] Level 5:colcon.colcon_core.verb:set package 'maze_robot' build argument 'cmake_args' from command line to 'None'
[0.417s] Level 5:colcon.colcon_core.verb:set package 'maze_robot' build argument 'cmake_target' from command line to 'None'
[0.417s] Level 5:colcon.colcon_core.verb:set package 'maze_robot' build argument 'cmake_target_skip_unavailable' from command line to 'False'
[0.417s] Level 5:colcon.colcon_core.verb:set package 'maze_robot' build argument 'cmake_clean_cache' from command line to 'False'
[0.417s] Level 5:colcon.colcon_core.verb:set package 'maze_robot' build argument 'cmake_clean_first' from command line to 'False'
[0.417s] Level 5:colcon.colcon_core.verb:set package 'maze_robot' build argument 'cmake_force_configure' from command line to 'False'
[0.417s] Level 5:colcon.colcon_core.verb:set package 'maze_robot' build argument 'ament_cmake_args' from command line to 'None'
[0.417s] Level 5:colcon.colcon_core.verb:set package 'maze_robot' build argument 'catkin_cmake_args' from command line to 'None'
[0.417s] Level 5:colcon.colcon_core.verb:set package 'maze_robot' build argument 'catkin_skip_building_tests' from command line to 'False'
[0.418s] DEBUG:colcon.colcon_core.verb:Building package 'maze_robot' with the following arguments: {'ament_cmake_args': None, 'build_base': '/home/joao-pedro/git/Labyrinth-Hackathon/build/maze_robot', 'catkin_cmake_args': None, 'catkin_skip_building_tests': False, 'cmake_args': None, 'cmake_clean_cache': False, 'cmake_clean_first': False, 'cmake_force_configure': False, 'cmake_target': None, 'cmake_target_skip_unavailable': False, 'install_base': '/home/joao-pedro/git/Labyrinth-Hackathon/install/maze_robot', 'merge_install': False, 'path': '/home/joao-pedro/git/Labyrinth-Hackathon/src/maze_robot', 'symlink_install': False, 'test_result_base': None}
[0.418s] Level 5:colcon.colcon_core.verb:set package 'robot_ras_ros' build argument 'cmake_args' from command line to 'None'
[0.418s] Level 5:colcon.colcon_core.verb:set package 'robot_ras_ros' build argument 'cmake_target' from command line to 'None'
[0.418s] Level 5:colcon.colcon_core.verb:set package 'robot_ras_ros' build argument 'cmake_target_skip_unavailable' from command line to 'False'
[0.418s] Level 5:colcon.colcon_core.verb:set package 'robot_ras_ros' build argument 'cmake_clean_cache' from command line to 'False'
[0.418s] Level 5:colcon.colcon_core.verb:set package 'robot_ras_ros' build argument 'cmake_clean_first' from command line to 'False'
[0.418s] Level 5:colcon.colcon_core.verb:set package 'robot_ras_ros' build argument 'cmake_force_configure' from command line to 'False'
[0.418s] Level 5:colcon.colcon_core.verb:set package 'robot_ras_ros' build argument 'ament_cmake_args' from command line to 'None'
[0.418s] Level 5:colcon.colcon_core.verb:set package 'robot_ras_ros' build argument 'catkin_cmake_args' from command line to 'None'
[0.418s] Level 5:colcon.colcon_core.verb:set package 'robot_ras_ros' build argument 'catkin_skip_building_tests' from command line to 'False'
[0.418s] DEBUG:colcon.colcon_core.verb:Building package 'robot_ras_ros' with the following arguments: {'ament_cmake_args': None, 'build_base': '/home/joao-pedro/git/Labyrinth-Hackathon/build/robot_ras_ros', 'catkin_cmake_args': None, 'catkin_skip_building_tests': False, 'cmake_args': None, 'cmake_clean_cache': False, 'cmake_clean_first': False, 'cmake_force_configure': False, 'cmake_target': None, 'cmake_target_skip_unavailable': False, 'install_base': '/home/joao-pedro/git/Labyrinth-Hackathon/install/robot_ras_ros', 'merge_install': False, 'path': '/home/joao-pedro/git/Labyrinth-Hackathon/src/maze_bringup', 'symlink_install': False, 'test_result_base': None}
[0.418s] INFO:colcon.colcon_core.executor:Executing jobs using 'parallel' executor
[0.420s] DEBUG:colcon.colcon_parallel_executor.executor.parallel:run_until_complete
[0.420s] INFO:colcon.colcon_ros.task.ament_cmake.build:Building ROS package in '/home/joao-pedro/git/Labyrinth-Hackathon/src/maze_robot' with build type 'ament_cmake'
[0.420s] INFO:colcon.colcon_cmake.task.cmake.build:Building CMake package in '/home/joao-pedro/git/Labyrinth-Hackathon/src/maze_robot'
[0.422s] INFO:colcon.colcon_core.plugin_system:Skipping extension 'colcon_core.shell.bat': Not used on non-Windows systems
[0.423s] INFO:colcon.colcon_core.shell:Skip shell extension 'powershell' for command environment: Not usable outside of PowerShell
[0.423s] DEBUG:colcon.colcon_core.shell:Skip shell extension 'dsv' for command environment
[0.430s] INFO:colcon.colcon_ros.task.ament_cmake.build:Building ROS package in '/home/joao-pedro/git/Labyrinth-Hackathon/src/maze_bringup' with build type 'ament_cmake'
[0.430s] INFO:colcon.colcon_cmake.task.cmake.build:Building CMake package in '/home/joao-pedro/git/Labyrinth-Hackathon/src/maze_bringup'
[0.431s] INFO:colcon.colcon_core.shell:Skip shell extension 'powershell' for command environment: Not usable outside of PowerShell
[0.431s] DEBUG:colcon.colcon_core.shell:Skip shell extension 'dsv' for command environment
[0.442s] DEBUG:colcon.colcon_core.event_handler.log_command:Invoking command in '/home/joao-pedro/git/Labyrinth-Hackathon/build/maze_robot': CMAKE_PREFIX_PATH=${CMAKE_PREFIX_PATH}:/opt/ros/jazzy DEBUGINFOD_URLS=https://debuginfod.ubuntu.com /usr/bin/cmake /home/joao-pedro/git/Labyrinth-Hackathon/src/maze_robot -DCMAKE_INSTALL_PREFIX=/home/joao-pedro/git/Labyrinth-Hackathon/install/maze_robot
[0.448s] DEBUG:colcon.colcon_core.event_handler.log_command:Invoking command in '/home/joao-pedro/git/Labyrinth-Hackathon/build/robot_ras_ros': CMAKE_PREFIX_PATH=${CMAKE_PREFIX_PATH}:/opt/ros/jazzy DEBUGINFOD_URLS=https://debuginfod.ubuntu.com /usr/bin/cmake /home/joao-pedro/git/Labyrinth-Hackathon/src/maze_bringup -DCMAKE_INSTALL_PREFIX=/home/joao-pedro/git/Labyrinth-Hackathon/install/robot_ras_ros
[0.969s] DEBUG:colcon.colcon_core.event_handler.log_command:Invoked command in '/home/joao-pedro/git/Labyrinth-Hackathon/build/robot_ras_ros' returned '0': CMAKE_PREFIX_PATH=${CMAKE_PREFIX_PATH}:/opt/ros/jazzy DEBUGINFOD_URLS=https://debuginfod.ubuntu.com /usr/bin/cmake /home/joao-pedro/git/Labyrinth-Hackathon/src/maze_bringup -DCMAKE_INSTALL_PREFIX=/home/joao-pedro/git/Labyrinth-Hackathon/install/robot_ras_ros
[0.970s] DEBUG:colcon.colcon_core.event_handler.log_command:Invoking command in '/home/joao-pedro/git/Labyrinth-Hackathon/build/robot_ras_ros': CMAKE_PREFIX_PATH=${CMAKE_PREFIX_PATH}:/opt/ros/jazzy DEBUGINFOD_URLS=https://debuginfod.ubuntu.com /usr/bin/cmake --build /home/joao-pedro/git/Labyrinth-Hackathon/build/robot_ras_ros -- -j8 -l8
[1.019s] DEBUG:colcon.colcon_core.event_handler.log_command:Invoked command in '/home/joao-pedro/git/Labyrinth-Hackathon/build/robot_ras_ros' returned '0': CMAKE_PREFIX_PATH=${CMAKE_PREFIX_PATH}:/opt/ros/jazzy DEBUGINFOD_URLS=https://debuginfod.ubuntu.com /usr/bin/cmake --build /home/joao-pedro/git/Labyrinth-Hackathon/build/robot_ras_ros -- -j8 -l8
[1.033s] DEBUG:colcon.colcon_core.event_handler.log_command:Invoking command in '/home/joao-pedro/git/Labyrinth-Hackathon/build/robot_ras_ros': CMAKE_PREFIX_PATH=${CMAKE_PREFIX_PATH}:/opt/ros/jazzy DEBUGINFOD_URLS=https://debuginfod.ubuntu.com /usr/bin/cmake --install /home/joao-pedro/git/Labyrinth-Hackathon/build/robot_ras_ros
[1.070s] Level 1:colcon.colcon_core.environment:create_environment_scripts_only(robot_ras_ros)
[1.071s] DEBUG:colcon.colcon_core.event_handler.log_command:Invoked command in '/home/joao-pedro/git/Labyrinth-Hackathon/build/robot_ras_ros' returned '0': CMAKE_PREFIX_PATH=${CMAKE_PREFIX_PATH}:/opt/ros/jazzy DEBUGINFOD_URLS=https://debuginfod.ubuntu.com /usr/bin/cmake --install /home/joao-pedro/git/Labyrinth-Hackathon/build/robot_ras_ros
[1.075s] Level 1:colcon.colcon_core.environment:checking '/home/joao-pedro/git/Labyrinth-Hackathon/install/robot_ras_ros' for CMake module files
[1.077s] Level 1:colcon.colcon_core.environment:checking '/home/joao-pedro/git/Labyrinth-Hackathon/install/robot_ras_ros' for CMake config files
[1.078s] Level 1:colcon.colcon_core.shell:create_environment_hook('robot_ras_ros', 'cmake_prefix_path')
[1.078s] INFO:colcon.colcon_core.shell:Creating environment hook '/home/joao-pedro/git/Labyrinth-Hackathon/install/robot_ras_ros/share/robot_ras_ros/hook/cmake_prefix_path.ps1'
[1.079s] INFO:colcon.colcon_core.shell:Creating environment descriptor '/home/joao-pedro/git/Labyrinth-Hackathon/install/robot_ras_ros/share/robot_ras_ros/hook/cmake_prefix_path.dsv'
[1.080s] INFO:colcon.colcon_core.shell:Creating environment hook '/home/joao-pedro/git/Labyrinth-Hackathon/install/robot_ras_ros/share/robot_ras_ros/hook/cmake_prefix_path.sh'
[1.081s] Level 1:colcon.colcon_core.environment:checking '/home/joao-pedro/git/Labyrinth-Hackathon/install/robot_ras_ros/bin'
[1.081s] Level 1:colcon.colcon_core.environment:checking '/home/joao-pedro/git/Labyrinth-Hackathon/install/robot_ras_ros/lib/pkgconfig/robot_ras_ros.pc'
[1.082s] Level 1:colcon.colcon_core.environment:checking '/home/joao-pedro/git/Labyrinth-Hackathon/install/robot_ras_ros/lib/python3.12/site-packages'
[1.083s] Level 1:colcon.colcon_core.environment:checking '/home/joao-pedro/git/Labyrinth-Hackathon/install/robot_ras_ros/bin'
[1.083s] INFO:colcon.colcon_core.shell:Creating package script '/home/joao-pedro/git/Labyrinth-Hackathon/install/robot_ras_ros/share/robot_ras_ros/package.ps1'
[1.084s] INFO:colcon.colcon_core.shell:Creating package descriptor '/home/joao-pedro/git/Labyrinth-Hackathon/install/robot_ras_ros/share/robot_ras_ros/package.dsv'
[1.085s] INFO:colcon.colcon_core.shell:Creating package script '/home/joao-pedro/git/Labyrinth-Hackathon/install/robot_ras_ros/share/robot_ras_ros/package.sh'
[1.086s] INFO:colcon.colcon_core.shell:Creating package script '/home/joao-pedro/git/Labyrinth-Hackathon/install/robot_ras_ros/share/robot_ras_ros/package.bash'
[1.087s] INFO:colcon.colcon_core.shell:Creating package script '/home/joao-pedro/git/Labyrinth-Hackathon/install/robot_ras_ros/share/robot_ras_ros/package.zsh'
[1.089s] Level 1:colcon.colcon_core.environment:create_file_with_runtime_dependencies(/home/joao-pedro/git/Labyrinth-Hackathon/install/robot_ras_ros/share/colcon-core/packages/robot_ras_ros)
[1.090s] Level 1:colcon.colcon_core.environment:create_environment_scripts_only(robot_ras_ros)
[1.090s] Level 1:colcon.colcon_core.environment:checking '/home/joao-pedro/git/Labyrinth-Hackathon/install/robot_ras_ros' for CMake module files
[1.091s] Level 1:colcon.colcon_core.environment:checking '/home/joao-pedro/git/Labyrinth-Hackathon/install/robot_ras_ros' for CMake config files
[1.092s] Level 1:colcon.colcon_core.shell:create_environment_hook('robot_ras_ros', 'cmake_prefix_path')
[1.093s] INFO:colcon.colcon_core.shell:Creating environment hook '/home/joao-pedro/git/Labyrinth-Hackathon/install/robot_ras_ros/share/robot_ras_ros/hook/cmake_prefix_path.ps1'
[1.094s] INFO:colcon.colcon_core.shell:Creating environment descriptor '/home/joao-pedro/git/Labyrinth-Hackathon/install/robot_ras_ros/share/robot_ras_ros/hook/cmake_prefix_path.dsv'
[1.094s] INFO:colcon.colcon_core.shell:Creating environment hook '/home/joao-pedro/git/Labyrinth-Hackathon/install/robot_ras_ros/share/robot_ras_ros/hook/cmake_prefix_path.sh'
[1.095s] Level 1:colcon.colcon_core.environment:checking '/home/joao-pedro/git/Labyrinth-Hackathon/install/robot_ras_ros/bin'
[1.095s] Level 1:colcon.colcon_core.environment:checking '/home/joao-pedro/git/Labyrinth-Hackathon/install/robot_ras_ros/lib/pkgconfig/robot_ras_ros.pc'
[1.096s] Level 1:colcon.colcon_core.environment:checking '/home/joao-pedro/git/Labyrinth-Hackathon/install/robot_ras_ros/lib/python3.12/site-packages'
[1.096s] Level 1:colcon.colcon_core.environment:checking '/home/joao-pedro/git/Labyrinth-Hackathon/install/robot_ras_ros/bin'
[1.097s] INFO:colcon.colcon_core.shell:Creating package script '/home/joao-pedro/git/Labyrinth-Hackathon/install/robot_ras_ros/share/robot_ras_ros/package.ps1'
[1.098s] INFO:colcon.colcon_core.shell:Creating package descriptor '/home/joao-pedro/git/Labyrinth-Hackathon/install/robot_ras_ros/share/robot_ras_ros/package.dsv'
[1.099s] INFO:colcon.colcon_core.shell:Creating package script '/home/joao-pedro/git/Labyrinth-Hackathon/install/robot_ras_ros/share/robot_ras_ros/package.sh'
[1.100s] INFO:colcon.colcon_core.shell:Creating package script '/home/joao-pedro/git/Labyrinth-Hackathon/install/robot_ras_ros/share/robot_ras_ros/package.bash'
[1.100s] INFO:colcon.colcon_core.shell:Creating package script '/home/joao-pedro/git/Labyrinth-Hackathon/install/robot_ras_ros/share/robot_ras_ros/package.zsh'
[1.101s] Level 1:colcon.colcon_core.environment:create_file_with_runtime_dependencies(/home/joao-pedro/git/Labyrinth-Hackathon/install/robot_ras_ros/share/colcon-core/packages/robot_ras_ros)
[1.584s] DEBUG:colcon.colcon_core.event_handler.log_command:Invoked command in '/home/joao-pedro/git/Labyrinth-Hackathon/build/maze_robot' returned '0': CMAKE_PREFIX_PATH=${CMAKE_PREFIX_PATH}:/opt/ros/jazzy DEBUGINFOD_URLS=https://debuginfod.ubuntu.com /usr/bin/cmake /home/joao-pedro/git/Labyrinth-Hackathon/src/maze_robot -DCMAKE_INSTALL_PREFIX=/home/joao-pedro/git/Labyrinth-Hackathon/install/maze_robot
[1.586s] DEBUG:colcon.colcon_core.event_handler.log_command:Invoking command in '/home/joao-pedro/git/Labyrinth-Hackathon/build/maze_robot': CMAKE_PREFIX_PATH=${CMAKE_PREFIX_PATH}:/opt/ros/jazzy DEBUGINFOD_URLS=https://debuginfod.ubuntu.com /usr/bin/cmake --build /home/joao-pedro/git/Labyrinth-Hackathon/build/maze_robot -- -j8 -l8
[1.683s] DEBUG:colcon.colcon_core.event_handler.log_command:Invoked command in '/home/joao-pedro/git/Labyrinth-Hackathon/build/maze_robot' returned '0': CMAKE_PREFIX_PATH=${CMAKE_PREFIX_PATH}:/opt/ros/jazzy DEBUGINFOD_URLS=https://debuginfod.ubuntu.com /usr/bin/cmake --build /home/joao-pedro/git/Labyrinth-Hackathon/build/maze_robot -- -j8 -l8
[1.685s] DEBUG:colcon.colcon_core.event_handler.log_command:Invoking command in '/home/joao-pedro/git/Labyrinth-Hackathon/build/maze_robot': CMAKE_PREFIX_PATH=${CMAKE_PREFIX_PATH}:/opt/ros/jazzy DEBUGINFOD_URLS=https://debuginfod.ubuntu.com /usr/bin/cmake --install /home/joao-pedro/git/Labyrinth-Hackathon/build/maze_robot
[1.713s] Level 1:colcon.colcon_core.environment:create_environment_scripts_only(maze_robot)
[1.713s] Level 1:colcon.colcon_core.environment:checking '/home/joao-pedro/git/Labyrinth-Hackathon/install/maze_robot' for CMake module files
[1.714s] DEBUG:colcon.colcon_core.event_handler.log_command:Invoked command in '/home/joao-pedro/git/Labyrinth-Hackathon/build/maze_robot' returned '0': CMAKE_PREFIX_PATH=${CMAKE_PREFIX_PATH}:/opt/ros/jazzy DEBUGINFOD_URLS=https://debuginfod.ubuntu.com /usr/bin/cmake --install /home/joao-pedro/git/Labyrinth-Hackathon/build/maze_robot
[1.715s] Level 1:colcon.colcon_core.environment:checking '/home/joao-pedro/git/Labyrinth-Hackathon/install/maze_robot' for CMake config files
[1.715s] Level 1:colcon.colcon_core.shell:create_environment_hook('maze_robot', 'cmake_prefix_path')
[1.715s] INFO:colcon.colcon_core.shell:Creating environment hook '/home/joao-pedro/git/Labyrinth-Hackathon/install/maze_robot/share/maze_robot/hook/cmake_prefix_path.ps1'
[1.716s] INFO:colcon.colcon_core.shell:Creating environment descriptor '/home/joao-pedro/git/Labyrinth-Hackathon/install/maze_robot/share/maze_robot/hook/cmake_prefix_path.dsv'
[1.716s] INFO:colcon.colcon_core.shell:Creating environment hook '/home/joao-pedro/git/Labyrinth-Hackathon/install/maze_robot/share/maze_robot/hook/cmake_prefix_path.sh'
[1.717s] Level 1:colcon.colcon_core.environment:checking '/home/joao-pedro/git/Labyrinth-Hackathon/install/maze_robot/lib'
[1.717s] Level 1:colcon.colcon_core.environment:checking '/home/joao-pedro/git/Labyrinth-Hackathon/install/maze_robot/bin'
[1.717s] Level 1:colcon.colcon_core.environment:checking '/home/joao-pedro/git/Labyrinth-Hackathon/install/maze_robot/lib/pkgconfig/maze_robot.pc'
[1.717s] Level 1:colcon.colcon_core.environment:checking '/home/joao-pedro/git/Labyrinth-Hackathon/install/maze_robot/lib/python3.12/site-packages'
[1.718s] Level 1:colcon.colcon_core.environment:checking '/home/joao-pedro/git/Labyrinth-Hackathon/install/maze_robot/bin'
[1.718s] INFO:colcon.colcon_core.shell:Creating package script '/home/joao-pedro/git/Labyrinth-Hackathon/install/maze_robot/share/maze_robot/package.ps1'
[1.719s] INFO:colcon.colcon_core.shell:Creating package descriptor '/home/joao-pedro/git/Labyrinth-Hackathon/install/maze_robot/share/maze_robot/package.dsv'
[1.719s] INFO:colcon.colcon_core.shell:Creating package script '/home/joao-pedro/git/Labyrinth-Hackathon/install/maze_robot/share/maze_robot/package.sh'
[1.720s] INFO:colcon.colcon_core.shell:Creating package script '/home/joao-pedro/git/Labyrinth-Hackathon/install/maze_robot/share/maze_robot/package.bash'
[1.720s] INFO:colcon.colcon_core.shell:Creating package script '/home/joao-pedro/git/Labyrinth-Hackathon/install/maze_robot/share/maze_robot/package.zsh'
[1.720s] Level 1:colcon.colcon_core.environment:create_file_with_runtime_dependencies(/home/joao-pedro/git/Labyrinth-Hackathon/install/maze_robot/share/colcon-core/packages/maze_robot)
[1.721s] Level 1:colcon.colcon_core.environment:create_environment_scripts_only(maze_robot)
[1.721s] Level 1:colcon.colcon_core.environment:checking '/home/joao-pedro/git/Labyrinth-Hackathon/install/maze_robot' for CMake module files
[1.722s] Level 1:colcon.colcon_core.environment:checking '/home/joao-pedro/git/Labyrinth-Hackathon/install/maze_robot' for CMake config files
[1.723s] Level 1:colcon.colcon_core.shell:create_environment_hook('maze_robot', 'cmake_prefix_path')
[1.723s] INFO:colcon.colcon_core.shell:Creating environment hook '/home/joao-pedro/git/Labyrinth-Hackathon/install/maze_robot/share/maze_robot/hook/cmake_prefix_path.ps1'
[1.724s] INFO:colcon.colcon_core.shell:Creating environment descriptor '/home/joao-pedro/git/Labyrinth-Hackathon/install/maze_robot/share/maze_robot/hook/cmake_prefix_path.dsv'
[1.724s] INFO:colcon.colcon_core.shell:Creating environment hook '/home/joao-pedro/git/Labyrinth-Hackathon/install/maze_robot/share/maze_robot/hook/cmake_prefix_path.sh'
[1.725s] Level 1:colcon.colcon_core.environment:checking '/home/joao-pedro/git/Labyrinth-Hackathon/install/maze_robot/lib'
[1.725s] Level 1:colcon.colcon_core.environment:checking '/home/joao-pedro/git/Labyrinth-Hackathon/install/maze_robot/bin'
[1.725s] Level 1:colcon.colcon_core.environment:checking '/home/joao-pedro/git/Labyrinth-Hackathon/install/maze_robot/lib/pkgconfig/maze_robot.pc'
[1.726s] Level 1:colcon.colcon_core.environment:checking '/home/joao-pedro/git/Labyrinth-Hackathon/install/maze_robot/lib/python3.12/site-packages'
[1.726s] Level 1:colcon.colcon_core.environment:checking '/home/joao-pedro/git/Labyrinth-Hackathon/install/maze_robot/bin'
[1.726s] INFO:colcon.colcon_core.shell:Creating package script '/home/joao-pedro/git/Labyrinth-Hackathon/install/maze_robot/share/maze_robot/package.ps1'
[1.727s] INFO:colcon.colcon_core.shell:Creating package descriptor '/home/joao-pedro/git/Labyrinth-Hackathon/install/maze_robot/share/maze_robot/package.dsv'
[1.728s] INFO:colcon.colcon_core.shell:Creating package script '/home/joao-pedro/git/Labyrinth-Hackathon/install/maze_robot/share/maze_robot/package.sh'
[1.729s] INFO:colcon.colcon_core.shell:Creating package script '/home/joao-pedro/git/Labyrinth-Hackathon/install/maze_robot/share/maze_robot/package.bash'
[1.729s] INFO:colcon.colcon_core.shell:Creating package script '/home/joao-pedro/git/Labyrinth-Hackathon/install/maze_robot/share/maze_robot/package.zsh'
[1.730s] Level 1:colcon.colcon_core.environment:create_file_with_runtime_dependencies(/home/joao-pedro/git/Labyrinth-Hackathon/install/maze_robot/share/colcon-core/packages/maze_robot)
[1.730s] DEBUG:colcon.colcon_parallel_executor.executor.parallel:closing loop
[1.731s] DEBUG:colcon.colcon_parallel_executor.executor.parallel:loop closed
[1.731s] DEBUG:colcon.colcon_parallel_executor.executor.parallel:run_until_complete finished with '0'
[1.731s] DEBUG:colcon.colcon_core.event_reactor:joining thread
[1.737s] INFO:colcon.colcon_core.plugin_system:Skipping extension 'colcon_notification.desktop_notification.terminal_notifier': Not used on non-Darwin systems
[1.737s] INFO:colcon.colcon_core.plugin_system:Skipping extension 'colcon_notification.desktop_notification.win32': Not used on non-Windows systems
[1.737s] INFO:colcon.colcon_notification.desktop_notification:Sending desktop notification using 'notify2'
[1.758s] DEBUG:colcon.colcon_core.event_reactor:joined thread
[1.758s] INFO:colcon.colcon_core.shell:Creating prefix script '/home/joao-pedro/git/Labyrinth-Hackathon/install/local_setup.ps1'
[1.760s] INFO:colcon.colcon_core.shell:Creating prefix util module '/home/joao-pedro/git/Labyrinth-Hackathon/install/_local_setup_util_ps1.py'
[1.763s] INFO:colcon.colcon_core.shell:Creating prefix chain script '/home/joao-pedro/git/Labyrinth-Hackathon/install/setup.ps1'
[1.765s] INFO:colcon.colcon_core.shell:Creating prefix script '/home/joao-pedro/git/Labyrinth-Hackathon/install/local_setup.sh'
[1.766s] INFO:colcon.colcon_core.shell:Creating prefix util module '/home/joao-pedro/git/Labyrinth-Hackathon/install/_local_setup_util_sh.py'
[1.767s] INFO:colcon.colcon_core.shell:Creating prefix chain script '/home/joao-pedro/git/Labyrinth-Hackathon/install/setup.sh'
[1.769s] INFO:colcon.colcon_core.shell:Creating prefix script '/home/joao-pedro/git/Labyrinth-Hackathon/install/local_setup.bash'
[1.769s] INFO:colcon.colcon_core.shell:Creating prefix chain script '/home/joao-pedro/git/Labyrinth-Hackathon/install/setup.bash'
[1.771s] INFO:colcon.colcon_core.shell:Creating prefix script '/home/joao-pedro/git/Labyrinth-Hackathon/install/local_setup.zsh'
[1.771s] INFO:colcon.colcon_core.shell:Creating prefix chain script '/home/joao-pedro/git/Labyrinth-Hackathon/install/setup.zsh'
