[0.020s] Invoking command in '/home/joao-pedro/git/Labyrinth-Hackathon/build/maze_bringup': CMAKE_PREFIX_PATH=${CMAKE_PREFIX_PATH}:/opt/ros/jazzy DEBUGINFOD_URLS=https://debuginfod.ubuntu.com /usr/bin/cmake /home/joao-pedro/git/Labyrinth-Hackathon/src/maze_bringup -DCMAKE_INSTALL_PREFIX=/home/joao-pedro/git/Labyrinth-Hackathon/install/maze_bringup
[0.334s] -- The C compiler identification is GNU 13.3.0
[0.530s] -- The CXX compiler identification is GNU 13.3.0
[0.558s] -- Detecting C compiler ABI info
[0.692s] -- Detecting C compiler ABI info - done
[0.707s] -- Check for working C compiler: /usr/bin/cc - skipped
[0.707s] -- Detecting C compile features
[0.708s] -- Detecting C compile features - done
[0.722s] -- Detecting CXX compiler ABI info
[0.847s] -- Detecting CXX compiler ABI info - done
[0.861s] -- Check for working CXX compiler: /usr/bin/c++ - skipped
[0.862s] -- Detecting CXX compile features
[0.863s] -- Detecting CXX compile features - done
[0.878s] -- Found ament_cmake: 2.5.6 (/opt/ros/jazzy/share/ament_cmake/cmake)
[1.102s] -- Found Python3: /usr/bin/python3 (found version "3.12.3") found components: Interpreter 
[1.400s] -- Configuring done (1.3s)
[1.405s] -- Generating done (0.0s)
[1.408s] -- Build files have been written to: /home/joao-pedro/git/Labyrinth-Hackathon/build/maze_bringup
[1.414s] Invoked command in '/home/joao-pedro/git/Labyrinth-Hackathon/build/maze_bringup' returned '0': CMAKE_PREFIX_PATH=${CMAKE_PREFIX_PATH}:/opt/ros/jazzy DEBUGINFOD_URLS=https://debuginfod.ubuntu.com /usr/bin/cmake /home/joao-pedro/git/Labyrinth-Hackathon/src/maze_bringup -DCMAKE_INSTALL_PREFIX=/home/joao-pedro/git/Labyrinth-Hackathon/install/maze_bringup
[1.416s] Invoking command in '/home/joao-pedro/git/Labyrinth-Hackathon/build/maze_bringup': CMAKE_PREFIX_PATH=${CMAKE_PREFIX_PATH}:/opt/ros/jazzy DEBUGINFOD_URLS=https://debuginfod.ubuntu.com /usr/bin/cmake --build /home/joao-pedro/git/Labyrinth-Hackathon/build/maze_bringup -- -j8 -l8
[1.463s] Invoked command in '/home/joao-pedro/git/Labyrinth-Hackathon/build/maze_bringup' returned '0': CMAKE_PREFIX_PATH=${CMAKE_PREFIX_PATH}:/opt/ros/jazzy DEBUGINFOD_URLS=https://debuginfod.ubuntu.com /usr/bin/cmake --build /home/joao-pedro/git/Labyrinth-Hackathon/build/maze_bringup -- -j8 -l8
[1.476s] Invoking command in '/home/joao-pedro/git/Labyrinth-Hackathon/build/maze_bringup': CMAKE_PREFIX_PATH=${CMAKE_PREFIX_PATH}:/opt/ros/jazzy DEBUGINFOD_URLS=https://debuginfod.ubuntu.com /usr/bin/cmake --install /home/joao-pedro/git/Labyrinth-Hackathon/build/maze_bringup
[1.486s] -- Install configuration: ""
[1.486s] -- Installing: /home/joao-pedro/git/Labyrinth-Hackathon/install/maze_bringup/share/maze_bringup/launch
[1.486s] -- Installing: /home/joao-pedro/git/Labyrinth-Hackathon/install/maze_bringup/share/maze_bringup/launch/maze.launch.py
[1.486s] -- Installing: /home/joao-pedro/git/Labyrinth-Hackathon/install/maze_bringup/share/maze_bringup/config
[1.487s] -- Installing: /home/joao-pedro/git/Labyrinth-Hackathon/install/maze_bringup/share/maze_bringup/config/params.yaml
[1.487s] -- Installing: /home/joao-pedro/git/Labyrinth-Hackathon/install/maze_bringup/share/ament_index/resource_index/package_run_dependencies/maze_bringup
[1.487s] -- Installing: /home/joao-pedro/git/Labyrinth-Hackathon/install/maze_bringup/share/ament_index/resource_index/parent_prefix_path/maze_bringup
[1.487s] -- Installing: /home/joao-pedro/git/Labyrinth-Hackathon/install/maze_bringup/share/maze_bringup/environment/ament_prefix_path.sh
[1.487s] -- Installing: /home/joao-pedro/git/Labyrinth-Hackathon/install/maze_bringup/share/maze_bringup/environment/ament_prefix_path.dsv
[1.487s] -- Installing: /home/joao-pedro/git/Labyrinth-Hackathon/install/maze_bringup/share/maze_bringup/environment/path.sh
[1.487s] -- Installing: /home/joao-pedro/git/Labyrinth-Hackathon/install/maze_bringup/share/maze_bringup/environment/path.dsv
[1.488s] -- Installing: /home/joao-pedro/git/Labyrinth-Hackathon/install/maze_bringup/share/maze_bringup/local_setup.bash
[1.488s] -- Installing: /home/joao-pedro/git/Labyrinth-Hackathon/install/maze_bringup/share/maze_bringup/local_setup.sh
[1.488s] -- Installing: /home/joao-pedro/git/Labyrinth-Hackathon/install/maze_bringup/share/maze_bringup/local_setup.zsh
[1.488s] -- Installing: /home/joao-pedro/git/Labyrinth-Hackathon/install/maze_bringup/share/maze_bringup/local_setup.dsv
[1.488s] -- Installing: /home/joao-pedro/git/Labyrinth-Hackathon/install/maze_bringup/share/maze_bringup/package.dsv
[1.488s] -- Installing: /home/joao-pedro/git/Labyrinth-Hackathon/install/maze_bringup/share/ament_index/resource_index/packages/maze_bringup
[1.489s] -- Installing: /home/joao-pedro/git/Labyrinth-Hackathon/install/maze_bringup/share/maze_bringup/cmake/maze_bringupConfig.cmake
[1.489s] -- Installing: /home/joao-pedro/git/Labyrinth-Hackathon/install/maze_bringup/share/maze_bringup/cmake/maze_bringupConfig-version.cmake
[1.489s] -- Installing: /home/joao-pedro/git/Labyrinth-Hackathon/install/maze_bringup/share/maze_bringup/package.xml
[1.491s] Invoked command in '/home/joao-pedro/git/Labyrinth-Hackathon/build/maze_bringup' returned '0': CMAKE_PREFIX_PATH=${CMAKE_PREFIX_PATH}:/opt/ros/jazzy DEBUGINFOD_URLS=https://debuginfod.ubuntu.com /usr/bin/cmake --install /home/joao-pedro/git/Labyrinth-Hackathon/build/maze_bringup
