[0.167s] DEBUG:colcon:Command line arguments: ['/usr/bin/colcon', 'build', '--symlink-install']
[0.167s] DEBUG:colcon:Parsed command line arguments: Namespace(log_base=None, log_level=None, verb_name='build', build_base='build', install_base='install', merge_install=False, symlink_install=True, test_result_base=None, continue_on_error=False, executor='parallel', parallel_workers=8, event_handlers=None, ignore_user_meta=False, metas=['./colcon.meta'], base_paths=['.'], packages_ignore=None, packages_ignore_regex=None, paths=None, packages_up_to=None, packages_up_to_regex=None, packages_above=None, packages_above_and_dependencies=None, packages_above_depth=None, packages_select_by_dep=None, packages_skip_by_dep=None, packages_skip_up_to=None, packages_select_build_failed=False, packages_skip_build_finished=False, packages_select_test_failures=False, packages_skip_test_passed=False, packages_select=None, packages_skip=None, packages_select_regex=None, packages_skip_regex=None, packages_start=None, packages_end=None, allow_overriding=[], cmake_args=None, cmake_target=None, cmake_target_skip_unavailable=False, cmake_clean_cache=False, cmake_clean_first=False, cmake_force_configure=False, ament_cmake_args=None, catkin_cmake_args=None, catkin_skip_building_tests=False, mixin_files=None, mixin=None, verb_parser=<colcon_mixin.mixin.mixin_argument.MixinArgumentDecorator object at 0x70245d18b0b0>, verb_extension=<colcon_core.verb.build.BuildVerb object at 0x70245d18aed0>, main=<bound method BuildVerb.main of <colcon_core.verb.build.BuildVerb object at 0x70245d18aed0>>, mixin_verb=('build',))
[0.212s] Level 1:colcon.colcon_core.package_discovery:discover_packages(colcon_meta) check parameters
[0.212s] Level 1:colcon.colcon_core.package_discovery:discover_packages(recursive) check parameters
[0.212s] Level 1:colcon.colcon_core.package_discovery:discover_packages(ignore) check parameters
[0.212s] Level 1:colcon.colcon_core.package_discovery:discover_packages(path) check parameters
[0.212s] Level 1:colcon.colcon_core.package_discovery:discover_packages(colcon_meta) discover
[0.212s] Level 1:colcon.colcon_core.package_discovery:discover_packages(recursive) discover
[0.212s] INFO:colcon.colcon_core.package_discovery:Crawling recursively for packages in '/home/joao-pedro/git/Labyrinth-Hackathon'
[0.212s] Level 1:colcon.colcon_core.package_identification:_identify(.) by extensions ['ignore', 'ignore_ament_install']
[0.213s] Level 1:colcon.colcon_core.package_identification:_identify(.) by extension 'ignore'
[0.213s] Level 1:colcon.colcon_core.package_identification:_identify(.) by extension 'ignore_ament_install'
[0.213s] Level 1:colcon.colcon_core.package_identification:_identify(.) by extensions ['colcon_pkg']
[0.213s] Level 1:colcon.colcon_core.package_identification:_identify(.) by extension 'colcon_pkg'
[0.213s] Level 1:colcon.colcon_core.package_identification:_identify(.) by extensions ['colcon_meta']
[0.213s] Level 1:colcon.colcon_core.package_identification:_identify(.) by extension 'colcon_meta'
[0.213s] Level 1:colcon.colcon_core.package_identification:_identify(.) by extensions ['ros']
[0.213s] Level 1:colcon.colcon_core.package_identification:_identify(.) by extension 'ros'
[0.246s] Level 1:colcon.colcon_core.package_identification:_identify(.) by extensions ['cmake', 'python']
[0.246s] Level 1:colcon.colcon_core.package_identification:_identify(.) by extension 'cmake'
[0.246s] Level 1:colcon.colcon_core.package_identification:_identify(.) by extension 'python'
[0.246s] Level 1:colcon.colcon_core.package_identification:_identify(.) by extensions ['python_setup_py']
[0.246s] Level 1:colcon.colcon_core.package_identification:_identify(.) by extension 'python_setup_py'
[0.247s] Level 1:colcon.colcon_core.package_identification:_identify(build) by extensions ['ignore', 'ignore_ament_install']
[0.247s] Level 1:colcon.colcon_core.package_identification:_identify(build) by extension 'ignore'
[0.247s] Level 1:colcon.colcon_core.package_identification:_identify(build) ignored
[0.247s] Level 1:colcon.colcon_core.package_identification:_identify(install) by extensions ['ignore', 'ignore_ament_install']
[0.247s] Level 1:colcon.colcon_core.package_identification:_identify(install) by extension 'ignore'
[0.247s] Level 1:colcon.colcon_core.package_identification:_identify(install) ignored
[0.247s] Level 1:colcon.colcon_core.package_identification:_identify(log) by extensions ['ignore', 'ignore_ament_install']
[0.248s] Level 1:colcon.colcon_core.package_identification:_identify(log) by extension 'ignore'
[0.248s] Level 1:colcon.colcon_core.package_identification:_identify(log) ignored
[0.248s] Level 1:colcon.colcon_core.package_identification:_identify(src) by extensions ['ignore', 'ignore_ament_install']
[0.248s] Level 1:colcon.colcon_core.package_identification:_identify(src) by extension 'ignore'
[0.248s] Level 1:colcon.colcon_core.package_identification:_identify(src) by extension 'ignore_ament_install'
[0.248s] Level 1:colcon.colcon_core.package_identification:_identify(src) by extensions ['colcon_pkg']
[0.248s] Level 1:colcon.colcon_core.package_identification:_identify(src) by extension 'colcon_pkg'
[0.248s] Level 1:colcon.colcon_core.package_identification:_identify(src) by extensions ['colcon_meta']
[0.248s] Level 1:colcon.colcon_core.package_identification:_identify(src) by extension 'colcon_meta'
[0.248s] Level 1:colcon.colcon_core.package_identification:_identify(src) by extensions ['ros']
[0.248s] Level 1:colcon.colcon_core.package_identification:_identify(src) by extension 'ros'
[0.248s] Level 1:colcon.colcon_core.package_identification:_identify(src) by extensions ['cmake', 'python']
[0.248s] Level 1:colcon.colcon_core.package_identification:_identify(src) by extension 'cmake'
[0.248s] Level 1:colcon.colcon_core.package_identification:_identify(src) by extension 'python'
[0.248s] Level 1:colcon.colcon_core.package_identification:_identify(src) by extensions ['python_setup_py']
[0.249s] Level 1:colcon.colcon_core.package_identification:_identify(src) by extension 'python_setup_py'
[0.249s] Level 1:colcon.colcon_core.package_identification:_identify(src/maze_bringup) by extensions ['ignore', 'ignore_ament_install']
[0.249s] Level 1:colcon.colcon_core.package_identification:_identify(src/maze_bringup) by extension 'ignore'
[0.249s] Level 1:colcon.colcon_core.package_identification:_identify(src/maze_bringup) by extension 'ignore_ament_install'
[0.249s] Level 1:colcon.colcon_core.package_identification:_identify(src/maze_bringup) by extensions ['colcon_pkg']
[0.249s] Level 1:colcon.colcon_core.package_identification:_identify(src/maze_bringup) by extension 'colcon_pkg'
[0.249s] Level 1:colcon.colcon_core.package_identification:_identify(src/maze_bringup) by extensions ['colcon_meta']
[0.249s] Level 1:colcon.colcon_core.package_identification:_identify(src/maze_bringup) by extension 'colcon_meta'
[0.249s] Level 1:colcon.colcon_core.package_identification:_identify(src/maze_bringup) by extensions ['ros']
[0.249s] Level 1:colcon.colcon_core.package_identification:_identify(src/maze_bringup) by extension 'ros'
[0.252s] DEBUG:colcon.colcon_core.package_identification:Package 'src/maze_bringup' with type 'ros.ament_cmake' and name 'robot_ras_ros'
[0.252s] Level 1:colcon.colcon_core.package_identification:_identify(src/maze_robot) by extensions ['ignore', 'ignore_ament_install']
[0.253s] Level 1:colcon.colcon_core.package_identification:_identify(src/maze_robot) by extension 'ignore'
[0.253s] Level 1:colcon.colcon_core.package_identification:_identify(src/maze_robot) by extension 'ignore_ament_install'
[0.253s] Level 1:colcon.colcon_core.package_identification:_identify(src/maze_robot) by extensions ['colcon_pkg']
[0.253s] Level 1:colcon.colcon_core.package_identification:_identify(src/maze_robot) by extension 'colcon_pkg'
[0.253s] Level 1:colcon.colcon_core.package_identification:_identify(src/maze_robot) by extensions ['colcon_meta']
[0.253s] Level 1:colcon.colcon_core.package_identification:_identify(src/maze_robot) by extension 'colcon_meta'
[0.253s] Level 1:colcon.colcon_core.package_identification:_identify(src/maze_robot) by extensions ['ros']
[0.253s] Level 1:colcon.colcon_core.package_identification:_identify(src/maze_robot) by extension 'ros'
[0.254s] DEBUG:colcon.colcon_core.package_identification:Package 'src/maze_robot' with type 'ros.ament_cmake' and name 'maze_robot'
[0.254s] Level 1:colcon.colcon_core.package_discovery:discover_packages(recursive) using defaults
[0.254s] Level 1:colcon.colcon_core.package_discovery:discover_packages(ignore) discover
[0.254s] Level 1:colcon.colcon_core.package_discovery:discover_packages(ignore) using defaults
[0.254s] Level 1:colcon.colcon_core.package_discovery:discover_packages(path) discover
[0.254s] Level 1:colcon.colcon_core.package_discovery:discover_packages(path) using defaults
[0.275s] Level 1:colcon.colcon_core.package_discovery:discover_packages(prefix_path) check parameters
[0.275s] Level 1:colcon.colcon_core.package_discovery:discover_packages(prefix_path) discover
[0.276s] WARNING:colcon.colcon_ros.prefix_path.ament:The path '/home/joao-pedro/git/Labyrinth-Hackathon/install/robot_ras_ros' in the environment variable AMENT_PREFIX_PATH doesn't exist
[0.276s] WARNING:colcon.colcon_ros.prefix_path.ament:The path '/home/joao-pedro/git/Labyrinth-Hackathon/install/maze_robot' in the environment variable AMENT_PREFIX_PATH doesn't exist
[0.276s] WARNING:colcon.colcon_ros.prefix_path.ament:The path '/home/joao-pedro/git/Labyrinth-Hackathon/install/maze_bringup' in the environment variable AMENT_PREFIX_PATH doesn't exist
[0.276s] WARNING:colcon.colcon_ros.prefix_path.catkin:The path '/home/joao-pedro/git/Labyrinth-Hackathon/install/robot_ras_ros' in the environment variable CMAKE_PREFIX_PATH doesn't exist
[0.276s] WARNING:colcon.colcon_ros.prefix_path.catkin:The path '/home/joao-pedro/git/Labyrinth-Hackathon/install/maze_robot' in the environment variable CMAKE_PREFIX_PATH doesn't exist
[0.276s] WARNING:colcon.colcon_ros.prefix_path.catkin:The path '/home/joao-pedro/git/Labyrinth-Hackathon/install/maze_bringup' in the environment variable CMAKE_PREFIX_PATH doesn't exist
[0.277s] DEBUG:colcon.colcon_installed_package_information.package_discovery:Found 0 installed packages in /home/joao-pedro/git/Labyrinth-Hackathon/install
[0.278s] DEBUG:colcon.colcon_installed_package_information.package_discovery:Found 3 installed packages in /home/joao-pedro/laser_uav_system_ws/install
[0.281s] DEBUG:colcon.colcon_installed_package_information.package_discovery:Found 352 installed packages in /opt/ros/jazzy
[0.283s] Level 1:colcon.colcon_core.package_discovery:discover_packages(prefix_path) using defaults
[0.360s] Level 5:colcon.colcon_core.verb:set package 'maze_robot' build argument 'cmake_args' from command line to 'None'
[0.360s] Level 5:colcon.colcon_core.verb:set package 'maze_robot' build argument 'cmake_target' from command line to 'None'
[0.360s] Level 5:colcon.colcon_core.verb:set package 'maze_robot' build argument 'cmake_target_skip_unavailable' from command line to 'False'
[0.360s] Level 5:colcon.colcon_core.verb:set package 'maze_robot' build argument 'cmake_clean_cache' from command line to 'False'
[0.360s] Level 5:colcon.colcon_core.verb:set package 'maze_robot' build argument 'cmake_clean_first' from command line to 'False'
[0.360s] Level 5:colcon.colcon_core.verb:set package 'maze_robot' build argument 'cmake_force_configure' from command line to 'False'
[0.360s] Level 5:colcon.colcon_core.verb:set package 'maze_robot' build argument 'ament_cmake_args' from command line to 'None'
[0.360s] Level 5:colcon.colcon_core.verb:set package 'maze_robot' build argument 'catkin_cmake_args' from command line to 'None'
[0.360s] Level 5:colcon.colcon_core.verb:set package 'maze_robot' build argument 'catkin_skip_building_tests' from command line to 'False'
[0.360s] DEBUG:colcon.colcon_core.verb:Building package 'maze_robot' with the following arguments: {'ament_cmake_args': None, 'build_base': '/home/joao-pedro/git/Labyrinth-Hackathon/build/maze_robot', 'catkin_cmake_args': None, 'catkin_skip_building_tests': False, 'cmake_args': None, 'cmake_clean_cache': False, 'cmake_clean_first': False, 'cmake_force_configure': False, 'cmake_target': None, 'cmake_target_skip_unavailable': False, 'install_base': '/home/joao-pedro/git/Labyrinth-Hackathon/install/maze_robot', 'merge_install': False, 'path': '/home/joao-pedro/git/Labyrinth-Hackathon/src/maze_robot', 'symlink_install': True, 'test_result_base': None}
[0.361s] Level 5:colcon.colcon_core.verb:set package 'robot_ras_ros' build argument 'cmake_args' from command line to 'None'
[0.361s] Level 5:colcon.colcon_core.verb:set package 'robot_ras_ros' build argument 'cmake_target' from command line to 'None'
[0.361s] Level 5:colcon.colcon_core.verb:set package 'robot_ras_ros' build argument 'cmake_target_skip_unavailable' from command line to 'False'
[0.361s] Level 5:colcon.colcon_core.verb:set package 'robot_ras_ros' build argument 'cmake_clean_cache' from command line to 'False'
[0.361s] Level 5:colcon.colcon_core.verb:set package 'robot_ras_ros' build argument 'cmake_clean_first' from command line to 'False'
[0.361s] Level 5:colcon.colcon_core.verb:set package 'robot_ras_ros' build argument 'cmake_force_configure' from command line to 'False'
[0.361s] Level 5:colcon.colcon_core.verb:set package 'robot_ras_ros' build argument 'ament_cmake_args' from command line to 'None'
[0.361s] Level 5:colcon.colcon_core.verb:set package 'robot_ras_ros' build argument 'catkin_cmake_args' from command line to 'None'
[0.361s] Level 5:colcon.colcon_core.verb:set package 'robot_ras_ros' build argument 'catkin_skip_building_tests' from command line to 'False'
[0.361s] DEBUG:colcon.colcon_core.verb:Building package 'robot_ras_ros' with the following arguments: {'ament_cmake_args': None, 'build_base': '/home/joao-pedro/git/Labyrinth-Hackathon/build/robot_ras_ros', 'catkin_cmake_args': None, 'catkin_skip_building_tests': False, 'cmake_args': None, 'cmake_clean_cache': False, 'cmake_clean_first': False, 'cmake_force_configure': False, 'cmake_target': None, 'cmake_target_skip_unavailable': False, 'install_base': '/home/joao-pedro/git/Labyrinth-Hackathon/install/robot_ras_ros', 'merge_install': False, 'path': '/home/joao-pedro/git/Labyrinth-Hackathon/src/maze_bringup', 'symlink_install': True, 'test_result_base': None}
[0.361s] INFO:colcon.colcon_core.executor:Executing jobs using 'parallel' executor
[0.362s] DEBUG:colcon.colcon_parallel_executor.executor.parallel:run_until_complete
[0.362s] INFO:colcon.colcon_ros.task.ament_cmake.build:Building ROS package in '/home/joao-pedro/git/Labyrinth-Hackathon/src/maze_robot' with build type 'ament_cmake'
[0.362s] INFO:colcon.colcon_cmake.task.cmake.build:Building CMake package in '/home/joao-pedro/git/Labyrinth-Hackathon/src/maze_robot'
[0.365s] INFO:colcon.colcon_core.plugin_system:Skipping extension 'colcon_core.shell.bat': Not used on non-Windows systems
[0.365s] INFO:colcon.colcon_core.shell:Skip shell extension 'powershell' for command environment: Not usable outside of PowerShell
[0.365s] DEBUG:colcon.colcon_core.shell:Skip shell extension 'dsv' for command environment
[0.370s] INFO:colcon.colcon_ros.task.ament_cmake.build:Building ROS package in '/home/joao-pedro/git/Labyrinth-Hackathon/src/maze_bringup' with build type 'ament_cmake'
[0.370s] INFO:colcon.colcon_cmake.task.cmake.build:Building CMake package in '/home/joao-pedro/git/Labyrinth-Hackathon/src/maze_bringup'
[0.371s] INFO:colcon.colcon_core.shell:Skip shell extension 'powershell' for command environment: Not usable outside of PowerShell
[0.371s] DEBUG:colcon.colcon_core.shell:Skip shell extension 'dsv' for command environment
[0.381s] DEBUG:colcon.colcon_core.event_handler.log_command:Invoking command in '/home/joao-pedro/git/Labyrinth-Hackathon/build/maze_robot': CMAKE_PREFIX_PATH=${CMAKE_PREFIX_PATH}:/opt/ros/jazzy DEBUGINFOD_URLS=https://debuginfod.ubuntu.com /usr/bin/cmake /home/joao-pedro/git/Labyrinth-Hackathon/src/maze_robot -DAMENT_CMAKE_SYMLINK_INSTALL=1 -DCMAKE_INSTALL_PREFIX=/home/joao-pedro/git/Labyrinth-Hackathon/install/maze_robot
[0.386s] DEBUG:colcon.colcon_core.event_handler.log_command:Invoking command in '/home/joao-pedro/git/Labyrinth-Hackathon/build/robot_ras_ros': CMAKE_PREFIX_PATH=${CMAKE_PREFIX_PATH}:/opt/ros/jazzy DEBUGINFOD_URLS=https://debuginfod.ubuntu.com /usr/bin/cmake /home/joao-pedro/git/Labyrinth-Hackathon/src/maze_bringup -DAMENT_CMAKE_SYMLINK_INSTALL=1 -DCMAKE_INSTALL_PREFIX=/home/joao-pedro/git/Labyrinth-Hackathon/install/robot_ras_ros
[1.487s] DEBUG:colcon.colcon_core.event_handler.log_command:Invoked command in '/home/joao-pedro/git/Labyrinth-Hackathon/build/robot_ras_ros' returned '0': CMAKE_PREFIX_PATH=${CMAKE_PREFIX_PATH}:/opt/ros/jazzy DEBUGINFOD_URLS=https://debuginfod.ubuntu.com /usr/bin/cmake /home/joao-pedro/git/Labyrinth-Hackathon/src/maze_bringup -DAMENT_CMAKE_SYMLINK_INSTALL=1 -DCMAKE_INSTALL_PREFIX=/home/joao-pedro/git/Labyrinth-Hackathon/install/robot_ras_ros
[1.489s] DEBUG:colcon.colcon_core.event_handler.log_command:Invoking command in '/home/joao-pedro/git/Labyrinth-Hackathon/build/robot_ras_ros': CMAKE_PREFIX_PATH=${CMAKE_PREFIX_PATH}:/opt/ros/jazzy DEBUGINFOD_URLS=https://debuginfod.ubuntu.com /usr/bin/cmake --build /home/joao-pedro/git/Labyrinth-Hackathon/build/robot_ras_ros -- -j8 -l8
[1.538s] DEBUG:colcon.colcon_core.event_handler.log_command:Invoked command in '/home/joao-pedro/git/Labyrinth-Hackathon/build/robot_ras_ros' returned '0': CMAKE_PREFIX_PATH=${CMAKE_PREFIX_PATH}:/opt/ros/jazzy DEBUGINFOD_URLS=https://debuginfod.ubuntu.com /usr/bin/cmake --build /home/joao-pedro/git/Labyrinth-Hackathon/build/robot_ras_ros -- -j8 -l8
[1.550s] DEBUG:colcon.colcon_core.event_handler.log_command:Invoking command in '/home/joao-pedro/git/Labyrinth-Hackathon/build/robot_ras_ros': CMAKE_PREFIX_PATH=${CMAKE_PREFIX_PATH}:/opt/ros/jazzy DEBUGINFOD_URLS=https://debuginfod.ubuntu.com /usr/bin/cmake --install /home/joao-pedro/git/Labyrinth-Hackathon/build/robot_ras_ros
[1.997s] Level 1:colcon.colcon_core.environment:create_environment_scripts_only(robot_ras_ros)
[1.998s] DEBUG:colcon.colcon_core.event_handler.log_command:Invoked command in '/home/joao-pedro/git/Labyrinth-Hackathon/build/robot_ras_ros' returned '0': CMAKE_PREFIX_PATH=${CMAKE_PREFIX_PATH}:/opt/ros/jazzy DEBUGINFOD_URLS=https://debuginfod.ubuntu.com /usr/bin/cmake --install /home/joao-pedro/git/Labyrinth-Hackathon/build/robot_ras_ros
[2.000s] Level 1:colcon.colcon_core.environment:checking '/home/joao-pedro/git/Labyrinth-Hackathon/install/robot_ras_ros' for CMake module files
[2.001s] Level 1:colcon.colcon_core.environment:checking '/home/joao-pedro/git/Labyrinth-Hackathon/install/robot_ras_ros' for CMake config files
[2.002s] Level 1:colcon.colcon_core.shell:create_environment_hook('robot_ras_ros', 'cmake_prefix_path')
[2.002s] INFO:colcon.colcon_core.shell:Creating environment hook '/home/joao-pedro/git/Labyrinth-Hackathon/install/robot_ras_ros/share/robot_ras_ros/hook/cmake_prefix_path.ps1'
[2.003s] INFO:colcon.colcon_core.shell:Creating environment descriptor '/home/joao-pedro/git/Labyrinth-Hackathon/install/robot_ras_ros/share/robot_ras_ros/hook/cmake_prefix_path.dsv'
[2.003s] INFO:colcon.colcon_core.shell:Creating environment hook '/home/joao-pedro/git/Labyrinth-Hackathon/install/robot_ras_ros/share/robot_ras_ros/hook/cmake_prefix_path.sh'
[2.004s] Level 1:colcon.colcon_core.environment:checking '/home/joao-pedro/git/Labyrinth-Hackathon/install/robot_ras_ros/bin'
[2.004s] Level 1:colcon.colcon_core.environment:checking '/home/joao-pedro/git/Labyrinth-Hackathon/install/robot_ras_ros/lib/pkgconfig/robot_ras_ros.pc'
[2.004s] Level 1:colcon.colcon_core.environment:checking '/home/joao-pedro/git/Labyrinth-Hackathon/install/robot_ras_ros/lib/python3.12/site-packages'
[2.005s] Level 1:colcon.colcon_core.environment:checking '/home/joao-pedro/git/Labyrinth-Hackathon/install/robot_ras_ros/bin'
[2.005s] INFO:colcon.colcon_core.shell:Creating package script '/home/joao-pedro/git/Labyrinth-Hackathon/install/robot_ras_ros/share/robot_ras_ros/package.ps1'
[2.006s] INFO:colcon.colcon_core.shell:Creating package descriptor '/home/joao-pedro/git/Labyrinth-Hackathon/install/robot_ras_ros/share/robot_ras_ros/package.dsv'
[2.006s] INFO:colcon.colcon_core.shell:Creating package script '/home/joao-pedro/git/Labyrinth-Hackathon/install/robot_ras_ros/share/robot_ras_ros/package.sh'
[2.007s] INFO:colcon.colcon_core.shell:Creating package script '/home/joao-pedro/git/Labyrinth-Hackathon/install/robot_ras_ros/share/robot_ras_ros/package.bash'
[2.008s] INFO:colcon.colcon_core.shell:Creating package script '/home/joao-pedro/git/Labyrinth-Hackathon/install/robot_ras_ros/share/robot_ras_ros/package.zsh'
[2.008s] Level 1:colcon.colcon_core.environment:create_file_with_runtime_dependencies(/home/joao-pedro/git/Labyrinth-Hackathon/install/robot_ras_ros/share/colcon-core/packages/robot_ras_ros)
[2.009s] Level 1:colcon.colcon_core.environment:create_environment_scripts_only(robot_ras_ros)
[2.009s] Level 1:colcon.colcon_core.environment:checking '/home/joao-pedro/git/Labyrinth-Hackathon/install/robot_ras_ros' for CMake module files
[2.010s] Level 1:colcon.colcon_core.environment:checking '/home/joao-pedro/git/Labyrinth-Hackathon/install/robot_ras_ros' for CMake config files
[2.011s] Level 1:colcon.colcon_core.shell:create_environment_hook('robot_ras_ros', 'cmake_prefix_path')
[2.011s] INFO:colcon.colcon_core.shell:Creating environment hook '/home/joao-pedro/git/Labyrinth-Hackathon/install/robot_ras_ros/share/robot_ras_ros/hook/cmake_prefix_path.ps1'
[2.012s] INFO:colcon.colcon_core.shell:Creating environment descriptor '/home/joao-pedro/git/Labyrinth-Hackathon/install/robot_ras_ros/share/robot_ras_ros/hook/cmake_prefix_path.dsv'
[2.012s] INFO:colcon.colcon_core.shell:Creating environment hook '/home/joao-pedro/git/Labyrinth-Hackathon/install/robot_ras_ros/share/robot_ras_ros/hook/cmake_prefix_path.sh'
[2.013s] Level 1:colcon.colcon_core.environment:checking '/home/joao-pedro/git/Labyrinth-Hackathon/install/robot_ras_ros/bin'
[2.013s] Level 1:colcon.colcon_core.environment:checking '/home/joao-pedro/git/Labyrinth-Hackathon/install/robot_ras_ros/lib/pkgconfig/robot_ras_ros.pc'
[2.013s] Level 1:colcon.colcon_core.environment:checking '/home/joao-pedro/git/Labyrinth-Hackathon/install/robot_ras_ros/lib/python3.12/site-packages'
[2.013s] Level 1:colcon.colcon_core.environment:checking '/home/joao-pedro/git/Labyrinth-Hackathon/install/robot_ras_ros/bin'
[2.014s] INFO:colcon.colcon_core.shell:Creating package script '/home/joao-pedro/git/Labyrinth-Hackathon/install/robot_ras_ros/share/robot_ras_ros/package.ps1'
[2.014s] INFO:colcon.colcon_core.shell:Creating package descriptor '/home/joao-pedro/git/Labyrinth-Hackathon/install/robot_ras_ros/share/robot_ras_ros/package.dsv'
[2.015s] INFO:colcon.colcon_core.shell:Creating package script '/home/joao-pedro/git/Labyrinth-Hackathon/install/robot_ras_ros/share/robot_ras_ros/package.sh'
[2.015s] INFO:colcon.colcon_core.shell:Creating package script '/home/joao-pedro/git/Labyrinth-Hackathon/install/robot_ras_ros/share/robot_ras_ros/package.bash'
[2.016s] INFO:colcon.colcon_core.shell:Creating package script '/home/joao-pedro/git/Labyrinth-Hackathon/install/robot_ras_ros/share/robot_ras_ros/package.zsh'
[2.016s] Level 1:colcon.colcon_core.environment:create_file_with_runtime_dependencies(/home/joao-pedro/git/Labyrinth-Hackathon/install/robot_ras_ros/share/colcon-core/packages/robot_ras_ros)
[2.268s] DEBUG:colcon.colcon_core.event_handler.log_command:Invoked command in '/home/joao-pedro/git/Labyrinth-Hackathon/build/maze_robot' returned '0': CMAKE_PREFIX_PATH=${CMAKE_PREFIX_PATH}:/opt/ros/jazzy DEBUGINFOD_URLS=https://debuginfod.ubuntu.com /usr/bin/cmake /home/joao-pedro/git/Labyrinth-Hackathon/src/maze_robot -DAMENT_CMAKE_SYMLINK_INSTALL=1 -DCMAKE_INSTALL_PREFIX=/home/joao-pedro/git/Labyrinth-Hackathon/install/maze_robot
[2.269s] DEBUG:colcon.colcon_core.event_handler.log_command:Invoking command in '/home/joao-pedro/git/Labyrinth-Hackathon/build/maze_robot': CMAKE_PREFIX_PATH=${CMAKE_PREFIX_PATH}:/opt/ros/jazzy DEBUGINFOD_URLS=https://debuginfod.ubuntu.com /usr/bin/cmake --build /home/joao-pedro/git/Labyrinth-Hackathon/build/maze_robot -- -j8 -l8
[17.769s] DEBUG:colcon.colcon_core.event_handler.log_command:Invoked command in '/home/joao-pedro/git/Labyrinth-Hackathon/build/maze_robot' returned '0': CMAKE_PREFIX_PATH=${CMAKE_PREFIX_PATH}:/opt/ros/jazzy DEBUGINFOD_URLS=https://debuginfod.ubuntu.com /usr/bin/cmake --build /home/joao-pedro/git/Labyrinth-Hackathon/build/maze_robot -- -j8 -l8
[17.771s] DEBUG:colcon.colcon_core.event_handler.log_command:Invoking command in '/home/joao-pedro/git/Labyrinth-Hackathon/build/maze_robot': CMAKE_PREFIX_PATH=${CMAKE_PREFIX_PATH}:/opt/ros/jazzy DEBUGINFOD_URLS=https://debuginfod.ubuntu.com /usr/bin/cmake --install /home/joao-pedro/git/Labyrinth-Hackathon/build/maze_robot
[17.991s] Level 1:colcon.colcon_core.environment:create_environment_scripts_only(maze_robot)
[17.992s] Level 1:colcon.colcon_core.environment:checking '/home/joao-pedro/git/Labyrinth-Hackathon/install/maze_robot' for CMake module files
[17.992s] DEBUG:colcon.colcon_core.event_handler.log_command:Invoked command in '/home/joao-pedro/git/Labyrinth-Hackathon/build/maze_robot' returned '0': CMAKE_PREFIX_PATH=${CMAKE_PREFIX_PATH}:/opt/ros/jazzy DEBUGINFOD_URLS=https://debuginfod.ubuntu.com /usr/bin/cmake --install /home/joao-pedro/git/Labyrinth-Hackathon/build/maze_robot
[17.993s] Level 1:colcon.colcon_core.environment:checking '/home/joao-pedro/git/Labyrinth-Hackathon/install/maze_robot' for CMake config files
[17.993s] Level 1:colcon.colcon_core.shell:create_environment_hook('maze_robot', 'cmake_prefix_path')
[17.993s] INFO:colcon.colcon_core.shell:Creating environment hook '/home/joao-pedro/git/Labyrinth-Hackathon/install/maze_robot/share/maze_robot/hook/cmake_prefix_path.ps1'
[17.994s] INFO:colcon.colcon_core.shell:Creating environment descriptor '/home/joao-pedro/git/Labyrinth-Hackathon/install/maze_robot/share/maze_robot/hook/cmake_prefix_path.dsv'
[17.994s] INFO:colcon.colcon_core.shell:Creating environment hook '/home/joao-pedro/git/Labyrinth-Hackathon/install/maze_robot/share/maze_robot/hook/cmake_prefix_path.sh'
[17.995s] Level 1:colcon.colcon_core.environment:checking '/home/joao-pedro/git/Labyrinth-Hackathon/install/maze_robot/lib'
[17.995s] Level 1:colcon.colcon_core.environment:checking '/home/joao-pedro/git/Labyrinth-Hackathon/install/maze_robot/bin'
[17.995s] Level 1:colcon.colcon_core.environment:checking '/home/joao-pedro/git/Labyrinth-Hackathon/install/maze_robot/lib/pkgconfig/maze_robot.pc'
[17.996s] Level 1:colcon.colcon_core.environment:checking '/home/joao-pedro/git/Labyrinth-Hackathon/install/maze_robot/lib/python3.12/site-packages'
[17.996s] Level 1:colcon.colcon_core.environment:checking '/home/joao-pedro/git/Labyrinth-Hackathon/install/maze_robot/bin'
[17.996s] INFO:colcon.colcon_core.shell:Creating package script '/home/joao-pedro/git/Labyrinth-Hackathon/install/maze_robot/share/maze_robot/package.ps1'
[17.997s] INFO:colcon.colcon_core.shell:Creating package descriptor '/home/joao-pedro/git/Labyrinth-Hackathon/install/maze_robot/share/maze_robot/package.dsv'
[17.997s] INFO:colcon.colcon_core.shell:Creating package script '/home/joao-pedro/git/Labyrinth-Hackathon/install/maze_robot/share/maze_robot/package.sh'
[17.998s] INFO:colcon.colcon_core.shell:Creating package script '/home/joao-pedro/git/Labyrinth-Hackathon/install/maze_robot/share/maze_robot/package.bash'
[17.998s] INFO:colcon.colcon_core.shell:Creating package script '/home/joao-pedro/git/Labyrinth-Hackathon/install/maze_robot/share/maze_robot/package.zsh'
[17.998s] Level 1:colcon.colcon_core.environment:create_file_with_runtime_dependencies(/home/joao-pedro/git/Labyrinth-Hackathon/install/maze_robot/share/colcon-core/packages/maze_robot)
[17.999s] Level 1:colcon.colcon_core.environment:create_environment_scripts_only(maze_robot)
[17.999s] Level 1:colcon.colcon_core.environment:checking '/home/joao-pedro/git/Labyrinth-Hackathon/install/maze_robot' for CMake module files
[18.000s] Level 1:colcon.colcon_core.environment:checking '/home/joao-pedro/git/Labyrinth-Hackathon/install/maze_robot' for CMake config files
[18.000s] Level 1:colcon.colcon_core.shell:create_environment_hook('maze_robot', 'cmake_prefix_path')
[18.000s] INFO:colcon.colcon_core.shell:Creating environment hook '/home/joao-pedro/git/Labyrinth-Hackathon/install/maze_robot/share/maze_robot/hook/cmake_prefix_path.ps1'
[18.001s] INFO:colcon.colcon_core.shell:Creating environment descriptor '/home/joao-pedro/git/Labyrinth-Hackathon/install/maze_robot/share/maze_robot/hook/cmake_prefix_path.dsv'
[18.001s] INFO:colcon.colcon_core.shell:Creating environment hook '/home/joao-pedro/git/Labyrinth-Hackathon/install/maze_robot/share/maze_robot/hook/cmake_prefix_path.sh'
[18.002s] Level 1:colcon.colcon_core.environment:checking '/home/joao-pedro/git/Labyrinth-Hackathon/install/maze_robot/lib'
[18.002s] Level 1:colcon.colcon_core.environment:checking '/home/joao-pedro/git/Labyrinth-Hackathon/install/maze_robot/bin'
[18.002s] Level 1:colcon.colcon_core.environment:checking '/home/joao-pedro/git/Labyrinth-Hackathon/install/maze_robot/lib/pkgconfig/maze_robot.pc'
[18.002s] Level 1:colcon.colcon_core.environment:checking '/home/joao-pedro/git/Labyrinth-Hackathon/install/maze_robot/lib/python3.12/site-packages'
[18.003s] Level 1:colcon.colcon_core.environment:checking '/home/joao-pedro/git/Labyrinth-Hackathon/install/maze_robot/bin'
[18.003s] INFO:colcon.colcon_core.shell:Creating package script '/home/joao-pedro/git/Labyrinth-Hackathon/install/maze_robot/share/maze_robot/package.ps1'
[18.004s] INFO:colcon.colcon_core.shell:Creating package descriptor '/home/joao-pedro/git/Labyrinth-Hackathon/install/maze_robot/share/maze_robot/package.dsv'
[18.004s] INFO:colcon.colcon_core.shell:Creating package script '/home/joao-pedro/git/Labyrinth-Hackathon/install/maze_robot/share/maze_robot/package.sh'
[18.005s] INFO:colcon.colcon_core.shell:Creating package script '/home/joao-pedro/git/Labyrinth-Hackathon/install/maze_robot/share/maze_robot/package.bash'
[18.005s] INFO:colcon.colcon_core.shell:Creating package script '/home/joao-pedro/git/Labyrinth-Hackathon/install/maze_robot/share/maze_robot/package.zsh'
[18.005s] Level 1:colcon.colcon_core.environment:create_file_with_runtime_dependencies(/home/joao-pedro/git/Labyrinth-Hackathon/install/maze_robot/share/colcon-core/packages/maze_robot)
[18.006s] DEBUG:colcon.colcon_parallel_executor.executor.parallel:closing loop
[18.006s] DEBUG:colcon.colcon_parallel_executor.executor.parallel:loop closed
[18.006s] DEBUG:colcon.colcon_parallel_executor.executor.parallel:run_until_complete finished with '0'
[18.006s] DEBUG:colcon.colcon_core.event_reactor:joining thread
[18.013s] INFO:colcon.colcon_core.plugin_system:Skipping extension 'colcon_notification.desktop_notification.terminal_notifier': Not used on non-Darwin systems
[18.014s] INFO:colcon.colcon_core.plugin_system:Skipping extension 'colcon_notification.desktop_notification.win32': Not used on non-Windows systems
[18.014s] INFO:colcon.colcon_notification.desktop_notification:Sending desktop notification using 'notify2'
[18.035s] DEBUG:colcon.colcon_core.event_reactor:joined thread
[18.035s] INFO:colcon.colcon_core.shell:Creating prefix script '/home/joao-pedro/git/Labyrinth-Hackathon/install/local_setup.ps1'
[18.037s] INFO:colcon.colcon_core.shell:Creating prefix util module '/home/joao-pedro/git/Labyrinth-Hackathon/install/_local_setup_util_ps1.py'
[18.039s] INFO:colcon.colcon_core.shell:Creating prefix chain script '/home/joao-pedro/git/Labyrinth-Hackathon/install/setup.ps1'
[18.041s] INFO:colcon.colcon_core.shell:Creating prefix script '/home/joao-pedro/git/Labyrinth-Hackathon/install/local_setup.sh'
[18.042s] INFO:colcon.colcon_core.shell:Creating prefix util module '/home/joao-pedro/git/Labyrinth-Hackathon/install/_local_setup_util_sh.py'
[18.042s] INFO:colcon.colcon_core.shell:Creating prefix chain script '/home/joao-pedro/git/Labyrinth-Hackathon/install/setup.sh'
[18.044s] INFO:colcon.colcon_core.shell:Creating prefix script '/home/joao-pedro/git/Labyrinth-Hackathon/install/local_setup.bash'
[18.045s] INFO:colcon.colcon_core.shell:Creating prefix chain script '/home/joao-pedro/git/Labyrinth-Hackathon/install/setup.bash'
[18.047s] INFO:colcon.colcon_core.shell:Creating prefix script '/home/joao-pedro/git/Labyrinth-Hackathon/install/local_setup.zsh'
[18.048s] INFO:colcon.colcon_core.shell:Creating prefix chain script '/home/joao-pedro/git/Labyrinth-Hackathon/install/setup.zsh'
