[0.015s] Invoking command in '/home/joao-pedro/git/Labyrinth-Hackathon/build/maze_robot': CMAKE_PREFIX_PATH=${CMAKE_PREFIX_PATH}:/opt/ros/jazzy DEBUGINFOD_URLS=https://debuginfod.ubuntu.com /usr/bin/cmake --build /home/joao-pedro/git/Labyrinth-Hackathon/build/maze_robot -- -j8 -l8
[0.082s] [ 25%] [32mBuilding CXX object CMakeFiles/perception_node.dir/src/perception_node.cpp.o[0m
[0.090s] [ 75%] Built target navigation_node
[15.666s] [100%] [32m[1mLinking CXX executable perception_node[0m
[16.718s] [100%] Built target perception_node
[16.733s] Invoked command in '/home/joao-pedro/git/Labyrinth-Hackathon/build/maze_robot' returned '0': CMAKE_PREFIX_PATH=${CMAKE_PREFIX_PATH}:/opt/ros/jazzy DEBUGINFOD_URLS=https://debuginfod.ubuntu.com /usr/bin/cmake --build /home/joao-pedro/git/Labyrinth-Hackathon/build/maze_robot -- -j8 -l8
[16.734s] Invoking command in '/home/joao-pedro/git/Labyrinth-Hackathon/build/maze_robot': CMAKE_PREFIX_PATH=${CMAKE_PREFIX_PATH}:/opt/ros/jazzy DEBUGINFOD_URLS=https://debuginfod.ubuntu.com /usr/bin/cmake --install /home/joao-pedro/git/Labyrinth-Hackathon/build/maze_robot
[16.745s] -- Install configuration: ""
[16.745s] -- Installing: /home/joao-pedro/git/Labyrinth-Hackathon/install/maze_robot/lib/maze_robot/navigation_node
[16.751s] -- Set non-toolchain portion of runtime path of "/home/joao-pedro/git/Labyrinth-Hackathon/install/maze_robot/lib/maze_robot/navigation_node" to ""
[16.752s] -- Installing: /home/joao-pedro/git/Labyrinth-Hackathon/install/maze_robot/lib/maze_robot/perception_node
[16.758s] -- Set non-toolchain portion of runtime path of "/home/joao-pedro/git/Labyrinth-Hackathon/install/maze_robot/lib/maze_robot/perception_node" to ""
[16.758s] -- Installing: /home/joao-pedro/git/Labyrinth-Hackathon/install/maze_robot/share/maze_robot/launch
[16.759s] -- Installing: /home/joao-pedro/git/Labyrinth-Hackathon/install/maze_robot/share/maze_robot/launch/maze.launch.py
[16.759s] -- Installing: /home/joao-pedro/git/Labyrinth-Hackathon/install/maze_robot/share/ament_index/resource_index/package_run_dependencies/maze_robot
[16.759s] -- Installing: /home/joao-pedro/git/Labyrinth-Hackathon/install/maze_robot/share/ament_index/resource_index/parent_prefix_path/maze_robot
[16.759s] -- Installing: /home/joao-pedro/git/Labyrinth-Hackathon/install/maze_robot/share/maze_robot/environment/ament_prefix_path.sh
[16.760s] -- Installing: /home/joao-pedro/git/Labyrinth-Hackathon/install/maze_robot/share/maze_robot/environment/ament_prefix_path.dsv
[16.760s] -- Installing: /home/joao-pedro/git/Labyrinth-Hackathon/install/maze_robot/share/maze_robot/environment/path.sh
[16.760s] -- Installing: /home/joao-pedro/git/Labyrinth-Hackathon/install/maze_robot/share/maze_robot/environment/path.dsv
[16.760s] -- Installing: /home/joao-pedro/git/Labyrinth-Hackathon/install/maze_robot/share/maze_robot/local_setup.bash
[16.761s] -- Installing: /home/joao-pedro/git/Labyrinth-Hackathon/install/maze_robot/share/maze_robot/local_setup.sh
[16.761s] -- Installing: /home/joao-pedro/git/Labyrinth-Hackathon/install/maze_robot/share/maze_robot/local_setup.zsh
[16.761s] -- Installing: /home/joao-pedro/git/Labyrinth-Hackathon/install/maze_robot/share/maze_robot/local_setup.dsv
[16.762s] -- Installing: /home/joao-pedro/git/Labyrinth-Hackathon/install/maze_robot/share/maze_robot/package.dsv
[16.762s] -- Installing: /home/joao-pedro/git/Labyrinth-Hackathon/install/maze_robot/share/ament_index/resource_index/packages/maze_robot
[16.762s] -- Installing: /home/joao-pedro/git/Labyrinth-Hackathon/install/maze_robot/share/maze_robot/cmake/maze_robotConfig.cmake
[16.762s] -- Installing: /home/joao-pedro/git/Labyrinth-Hackathon/install/maze_robot/share/maze_robot/cmake/maze_robotConfig-version.cmake
[16.762s] -- Installing: /home/joao-pedro/git/Labyrinth-Hackathon/install/maze_robot/share/maze_robot/package.xml
[16.765s] Invoked command in '/home/joao-pedro/git/Labyrinth-Hackathon/build/maze_robot' returned '0': CMAKE_PREFIX_PATH=${CMAKE_PREFIX_PATH}:/opt/ros/jazzy DEBUGINFOD_URLS=https://debuginfod.ubuntu.com /usr/bin/cmake --install /home/joao-pedro/git/Labyrinth-Hackathon/build/maze_robot
