[0.019s] Invoking command in '/home/joao-pedro/git/Labyrinth-Hackathon/build/maze_bringup': CMAKE_PREFIX_PATH=${CMAKE_PREFIX_PATH}:/opt/ros/jazzy DEBUGINFOD_URLS=https://debuginfod.ubuntu.com /usr/bin/cmake --build /home/joao-pedro/git/Labyrinth-Hackathon/build/maze_bringup -- -j8 -l8
[0.079s] Invoked command in '/home/joao-pedro/git/Labyrinth-Hackathon/build/maze_bringup' returned '0': CMAKE_PREFIX_PATH=${CMAKE_PREFIX_PATH}:/opt/ros/jazzy DEBUGINFOD_URLS=https://debuginfod.ubuntu.com /usr/bin/cmake --build /home/joao-pedro/git/Labyrinth-Hackathon/build/maze_bringup -- -j8 -l8
[0.104s] Invoking command in '/home/joao-pedro/git/Labyrinth-Hackathon/build/maze_bringup': CMAKE_PREFIX_PATH=${CMAKE_PREFIX_PATH}:/opt/ros/jazzy DEBUGINFOD_URLS=https://debuginfod.ubuntu.com /usr/bin/cmake --install /home/joao-pedro/git/Labyrinth-Hackathon/build/maze_bringup
[0.117s] -- Install configuration: ""
[0.118s] -- Up-to-date: /home/joao-pedro/git/Labyrinth-Hackathon/install/maze_bringup/share/maze_bringup/launch
[0.123s] -- Up-to-date: /home/joao-pedro/git/Labyrinth-Hackathon/install/maze_bringup/share/maze_bringup/launch/maze.launch.py
[0.123s] -- Up-to-date: /home/joao-pedro/git/Labyrinth-Hackathon/install/maze_bringup/share/maze_bringup/config
[0.124s] -- Up-to-date: /home/joao-pedro/git/Labyrinth-Hackathon/install/maze_bringup/share/maze_bringup/config/params.yaml
[0.124s] -- Up-to-date: /home/joao-pedro/git/Labyrinth-Hackathon/install/maze_bringup/share/ament_index/resource_index/package_run_dependencies/maze_bringup
[0.125s] -- Up-to-date: /home/joao-pedro/git/Labyrinth-Hackathon/install/maze_bringup/share/ament_index/resource_index/parent_prefix_path/maze_bringup
[0.125s] -- Up-to-date: /home/joao-pedro/git/Labyrinth-Hackathon/install/maze_bringup/share/maze_bringup/environment/ament_prefix_path.sh
[0.125s] -- Up-to-date: /home/joao-pedro/git/Labyrinth-Hackathon/install/maze_bringup/share/maze_bringup/environment/ament_prefix_path.dsv
[0.126s] -- Up-to-date: /home/joao-pedro/git/Labyrinth-Hackathon/install/maze_bringup/share/maze_bringup/environment/path.sh
[0.130s] -- Up-to-date: /home/joao-pedro/git/Labyrinth-Hackathon/install/maze_bringup/share/maze_bringup/environment/path.dsv
[0.130s] -- Up-to-date: /home/joao-pedro/git/Labyrinth-Hackathon/install/maze_bringup/share/maze_bringup/local_setup.bash
[0.130s] -- Up-to-date: /home/joao-pedro/git/Labyrinth-Hackathon/install/maze_bringup/share/maze_bringup/local_setup.sh
[0.130s] -- Up-to-date: /home/joao-pedro/git/Labyrinth-Hackathon/install/maze_bringup/share/maze_bringup/local_setup.zsh
[0.131s] -- Up-to-date: /home/joao-pedro/git/Labyrinth-Hackathon/install/maze_bringup/share/maze_bringup/local_setup.dsv
[0.131s] -- Installing: /home/joao-pedro/git/Labyrinth-Hackathon/install/maze_bringup/share/maze_bringup/package.dsv
[0.131s] -- Up-to-date: /home/joao-pedro/git/Labyrinth-Hackathon/install/maze_bringup/share/ament_index/resource_index/packages/maze_bringup
[0.131s] -- Up-to-date: /home/joao-pedro/git/Labyrinth-Hackathon/install/maze_bringup/share/maze_bringup/cmake/maze_bringupConfig.cmake
[0.131s] -- Up-to-date: /home/joao-pedro/git/Labyrinth-Hackathon/install/maze_bringup/share/maze_bringup/cmake/maze_bringupConfig-version.cmake
[0.132s] -- Up-to-date: /home/joao-pedro/git/Labyrinth-Hackathon/install/maze_bringup/share/maze_bringup/package.xml
[0.132s] Invoked command in '/home/joao-pedro/git/Labyrinth-Hackathon/build/maze_bringup' returned '0': CMAKE_PREFIX_PATH=${CMAKE_PREFIX_PATH}:/opt/ros/jazzy DEBUGINFOD_URLS=https://debuginfod.ubuntu.com /usr/bin/cmake --install /home/joao-pedro/git/Labyrinth-Hackathon/build/maze_bringup
